=== capstone run 20260430_030348 ===
[capstone] GPU: NVIDIA L4  (SM 8.9, 22593 MB VRAM)
[capstone] streams=4  filter=all
[capstone] Loading 120 image(s) from 'data/input'
  loaded: data/input/img_1.jpg  (256x256x3)
  loaded: data/input/img_10.jpg  (256x256x3)
  loaded: data/input/img_100.jpg  (256x256x3)
  loaded: data/input/img_101.jpg  (256x256x3)
  loaded: data/input/img_102.jpg  (256x256x3)
  loaded: data/input/img_103.jpg  (256x256x3)
  loaded: data/input/img_104.jpg  (256x256x3)
  loaded: data/input/img_105.jpg  (256x256x3)
  loaded: data/input/img_106.jpg  (256x256x3)
  loaded: data/input/img_107.jpg  (256x256x3)
  loaded: data/input/img_108.jpg  (256x256x3)
  loaded: data/input/img_109.jpg  (256x256x3)
  loaded: data/input/img_11.jpg  (256x256x3)
  loaded: data/input/img_110.jpg  (256x256x3)
  loaded: data/input/img_111.jpg  (256x256x3)
  loaded: data/input/img_112.jpg  (256x256x3)
  loaded: data/input/img_113.jpg  (256x256x3)
  loaded: data/input/img_114.jpg  (256x256x3)
  loaded: data/input/img_115.jpg  (256x256x3)
  loaded: data/input/img_116.jpg  (256x256x3)
  loaded: data/input/img_117.jpg  (256x256x3)
  loaded: data/input/img_118.jpg  (256x256x3)
  loaded: data/input/img_119.jpg  (256x256x3)
  loaded: data/input/img_12.jpg  (256x256x3)
  loaded: data/input/img_120.jpg  (256x256x3)
  loaded: data/input/img_13.jpg  (256x256x3)
  loaded: data/input/img_14.jpg  (256x256x3)
  loaded: data/input/img_15.jpg  (256x256x3)
  loaded: data/input/img_16.jpg  (256x256x3)
  loaded: data/input/img_17.jpg  (256x256x3)
  loaded: data/input/img_18.jpg  (256x256x3)
  loaded: data/input/img_19.jpg  (256x256x3)
  loaded: data/input/img_2.jpg  (256x256x3)
  loaded: data/input/img_20.jpg  (256x256x3)
  loaded: data/input/img_21.jpg  (256x256x3)
  loaded: data/input/img_22.jpg  (256x256x3)
  loaded: data/input/img_23.jpg  (256x256x3)
  loaded: data/input/img_24.jpg  (256x256x3)
  loaded: data/input/img_25.jpg  (256x256x3)
  loaded: data/input/img_26.jpg  (256x256x3)
  loaded: data/input/img_27.jpg  (256x256x3)
  loaded: data/input/img_28.jpg  (256x256x3)
  loaded: data/input/img_29.jpg  (256x256x3)
  loaded: data/input/img_3.jpg  (256x256x3)
  loaded: data/input/img_30.jpg  (256x256x3)
  loaded: data/input/img_31.jpg  (256x256x3)
  loaded: data/input/img_32.jpg  (256x256x3)
  loaded: data/input/img_33.jpg  (256x256x3)
  loaded: data/input/img_34.jpg  (256x256x3)
  loaded: data/input/img_35.jpg  (256x256x3)
  loaded: data/input/img_36.jpg  (256x256x3)
  loaded: data/input/img_37.jpg  (256x256x3)
  loaded: data/input/img_38.jpg  (256x256x3)
  loaded: data/input/img_39.jpg  (256x256x3)
  loaded: data/input/img_4.jpg  (256x256x3)
  loaded: data/input/img_40.jpg  (256x256x3)
  loaded: data/input/img_41.jpg  (256x256x3)
  loaded: data/input/img_42.jpg  (256x256x3)
  loaded: data/input/img_43.jpg  (256x256x3)
  loaded: data/input/img_44.jpg  (256x256x3)
  loaded: data/input/img_45.jpg  (256x256x3)
  loaded: data/input/img_46.jpg  (256x256x3)
  loaded: data/input/img_47.jpg  (256x256x3)
  loaded: data/input/img_48.jpg  (256x256x3)
  loaded: data/input/img_49.jpg  (256x256x3)
  loaded: data/input/img_5.jpg  (256x256x3)
  loaded: data/input/img_50.jpg  (256x256x3)
  loaded: data/input/img_51.jpg  (256x256x3)
  loaded: data/input/img_52.jpg  (256x256x3)
  loaded: data/input/img_53.jpg  (256x256x3)
  loaded: data/input/img_54.jpg  (256x256x3)
  loaded: data/input/img_55.jpg  (256x256x3)
  loaded: data/input/img_56.jpg  (256x256x3)
  loaded: data/input/img_57.jpg  (256x256x3)
  loaded: data/input/img_58.jpg  (256x256x3)
  loaded: data/input/img_59.jpg  (256x256x3)
  loaded: data/input/img_6.jpg  (256x256x3)
  loaded: data/input/img_60.jpg  (256x256x3)
  loaded: data/input/img_61.jpg  (256x256x3)
  loaded: data/input/img_62.jpg  (256x256x3)
  loaded: data/input/img_63.jpg  (256x256x3)
  loaded: data/input/img_64.jpg  (256x256x3)
  loaded: data/input/img_65.jpg  (256x256x3)
  loaded: data/input/img_66.jpg  (256x256x3)
  loaded: data/input/img_67.jpg  (256x256x3)
  loaded: data/input/img_68.jpg  (256x256x3)
  loaded: data/input/img_69.jpg  (256x256x3)
  loaded: data/input/img_7.jpg  (256x256x3)
  loaded: data/input/img_70.jpg  (256x256x3)
  loaded: data/input/img_71.jpg  (256x256x3)
  loaded: data/input/img_72.jpg  (256x256x3)
  loaded: data/input/img_73.jpg  (256x256x3)
  loaded: data/input/img_74.jpg  (256x256x3)
  loaded: data/input/img_75.jpg  (256x256x3)
  loaded: data/input/img_76.jpg  (256x256x3)
  loaded: data/input/img_77.jpg  (256x256x3)
  loaded: data/input/img_78.jpg  (256x256x3)
  loaded: data/input/img_79.jpg  (256x256x3)
  loaded: data/input/img_8.jpg  (256x256x3)
  loaded: data/input/img_80.jpg  (256x256x3)
  loaded: data/input/img_81.jpg  (256x256x3)
  loaded: data/input/img_82.jpg  (256x256x3)
  loaded: data/input/img_83.jpg  (256x256x3)
  loaded: data/input/img_84.jpg  (256x256x3)
  loaded: data/input/img_85.jpg  (256x256x3)
  loaded: data/input/img_86.jpg  (256x256x3)
  loaded: data/input/img_87.jpg  (256x256x3)
  loaded: data/input/img_88.jpg  (256x256x3)
  loaded: data/input/img_89.jpg  (256x256x3)
  loaded: data/input/img_9.jpg  (256x256x3)
  loaded: data/input/img_90.jpg  (256x256x3)
  loaded: data/input/img_91.jpg  (256x256x3)
  loaded: data/input/img_92.jpg  (256x256x3)
  loaded: data/input/img_93.jpg  (256x256x3)
  loaded: data/input/img_94.jpg  (256x256x3)
  loaded: data/input/img_95.jpg  (256x256x3)
  loaded: data/input/img_96.jpg  (256x256x3)
  loaded: data/input/img_97.jpg  (256x256x3)
  loaded: data/input/img_98.jpg  (256x256x3)
  loaded: data/input/img_99.jpg  (256x256x3)
[capstone] Running filter 'grayscale' on 120 image(s)...
  images_processed : 120
  total_wall_ms    : 3.64
  avg_per_image_ms : 0.03
  total_input_MB   : 22.50
  saved: output/img_1_grayscale.png  (256x256x1)
  saved: output/img_10_grayscale.png  (256x256x1)
  saved: output/img_100_grayscale.png  (256x256x1)
  saved: output/img_101_grayscale.png  (256x256x1)
  saved: output/img_102_grayscale.png  (256x256x1)
  saved: output/img_103_grayscale.png  (256x256x1)
  saved: output/img_104_grayscale.png  (256x256x1)
  saved: output/img_105_grayscale.png  (256x256x1)
  saved: output/img_106_grayscale.png  (256x256x1)
  saved: output/img_107_grayscale.png  (256x256x1)
  saved: output/img_108_grayscale.png  (256x256x1)
  saved: output/img_109_grayscale.png  (256x256x1)
  saved: output/img_11_grayscale.png  (256x256x1)
  saved: output/img_110_grayscale.png  (256x256x1)
  saved: output/img_111_grayscale.png  (256x256x1)
  saved: output/img_112_grayscale.png  (256x256x1)
  saved: output/img_113_grayscale.png  (256x256x1)
  saved: output/img_114_grayscale.png  (256x256x1)
  saved: output/img_115_grayscale.png  (256x256x1)
  saved: output/img_116_grayscale.png  (256x256x1)
  saved: output/img_117_grayscale.png  (256x256x1)
  saved: output/img_118_grayscale.png  (256x256x1)
  saved: output/img_119_grayscale.png  (256x256x1)
  saved: output/img_12_grayscale.png  (256x256x1)
  saved: output/img_120_grayscale.png  (256x256x1)
  saved: output/img_13_grayscale.png  (256x256x1)
  saved: output/img_14_grayscale.png  (256x256x1)
  saved: output/img_15_grayscale.png  (256x256x1)
  saved: output/img_16_grayscale.png  (256x256x1)
  saved: output/img_17_grayscale.png  (256x256x1)
  saved: output/img_18_grayscale.png  (256x256x1)
  saved: output/img_19_grayscale.png  (256x256x1)
  saved: output/img_2_grayscale.png  (256x256x1)
  saved: output/img_20_grayscale.png  (256x256x1)
  saved: output/img_21_grayscale.png  (256x256x1)
  saved: output/img_22_grayscale.png  (256x256x1)
  saved: output/img_23_grayscale.png  (256x256x1)
  saved: output/img_24_grayscale.png  (256x256x1)
  saved: output/img_25_grayscale.png  (256x256x1)
  saved: output/img_26_grayscale.png  (256x256x1)
  saved: output/img_27_grayscale.png  (256x256x1)
  saved: output/img_28_grayscale.png  (256x256x1)
  saved: output/img_29_grayscale.png  (256x256x1)
  saved: output/img_3_grayscale.png  (256x256x1)
  saved: output/img_30_grayscale.png  (256x256x1)
  saved: output/img_31_grayscale.png  (256x256x1)
  saved: output/img_32_grayscale.png  (256x256x1)
  saved: output/img_33_grayscale.png  (256x256x1)
  saved: output/img_34_grayscale.png  (256x256x1)
  saved: output/img_35_grayscale.png  (256x256x1)
  saved: output/img_36_grayscale.png  (256x256x1)
  saved: output/img_37_grayscale.png  (256x256x1)
  saved: output/img_38_grayscale.png  (256x256x1)
  saved: output/img_39_grayscale.png  (256x256x1)
  saved: output/img_4_grayscale.png  (256x256x1)
  saved: output/img_40_grayscale.png  (256x256x1)
  saved: output/img_41_grayscale.png  (256x256x1)
  saved: output/img_42_grayscale.png  (256x256x1)
  saved: output/img_43_grayscale.png  (256x256x1)
  saved: output/img_44_grayscale.png  (256x256x1)
  saved: output/img_45_grayscale.png  (256x256x1)
  saved: output/img_46_grayscale.png  (256x256x1)
  saved: output/img_47_grayscale.png  (256x256x1)
  saved: output/img_48_grayscale.png  (256x256x1)
  saved: output/img_49_grayscale.png  (256x256x1)
  saved: output/img_5_grayscale.png  (256x256x1)
  saved: output/img_50_grayscale.png  (256x256x1)
  saved: output/img_51_grayscale.png  (256x256x1)
  saved: output/img_52_grayscale.png  (256x256x1)
  saved: output/img_53_grayscale.png  (256x256x1)
  saved: output/img_54_grayscale.png  (256x256x1)
  saved: output/img_55_grayscale.png  (256x256x1)
  saved: output/img_56_grayscale.png  (256x256x1)
  saved: output/img_57_grayscale.png  (256x256x1)
  saved: output/img_58_grayscale.png  (256x256x1)
  saved: output/img_59_grayscale.png  (256x256x1)
  saved: output/img_6_grayscale.png  (256x256x1)
  saved: output/img_60_grayscale.png  (256x256x1)
  saved: output/img_61_grayscale.png  (256x256x1)
  saved: output/img_62_grayscale.png  (256x256x1)
  saved: output/img_63_grayscale.png  (256x256x1)
  saved: output/img_64_grayscale.png  (256x256x1)
  saved: output/img_65_grayscale.png  (256x256x1)
  saved: output/img_66_grayscale.png  (256x256x1)
  saved: output/img_67_grayscale.png  (256x256x1)
  saved: output/img_68_grayscale.png  (256x256x1)
  saved: output/img_69_grayscale.png  (256x256x1)
  saved: output/img_7_grayscale.png  (256x256x1)
  saved: output/img_70_grayscale.png  (256x256x1)
  saved: output/img_71_grayscale.png  (256x256x1)
  saved: output/img_72_grayscale.png  (256x256x1)
  saved: output/img_73_grayscale.png  (256x256x1)
  saved: output/img_74_grayscale.png  (256x256x1)
  saved: output/img_75_grayscale.png  (256x256x1)
  saved: output/img_76_grayscale.png  (256x256x1)
  saved: output/img_77_grayscale.png  (256x256x1)
  saved: output/img_78_grayscale.png  (256x256x1)
  saved: output/img_79_grayscale.png  (256x256x1)
  saved: output/img_8_grayscale.png  (256x256x1)
  saved: output/img_80_grayscale.png  (256x256x1)
  saved: output/img_81_grayscale.png  (256x256x1)
  saved: output/img_82_grayscale.png  (256x256x1)
  saved: output/img_83_grayscale.png  (256x256x1)
  saved: output/img_84_grayscale.png  (256x256x1)
  saved: output/img_85_grayscale.png  (256x256x1)
  saved: output/img_86_grayscale.png  (256x256x1)
  saved: output/img_87_grayscale.png  (256x256x1)
  saved: output/img_88_grayscale.png  (256x256x1)
  saved: output/img_89_grayscale.png  (256x256x1)
  saved: output/img_9_grayscale.png  (256x256x1)
  saved: output/img_90_grayscale.png  (256x256x1)
  saved: output/img_91_grayscale.png  (256x256x1)
  saved: output/img_92_grayscale.png  (256x256x1)
  saved: output/img_93_grayscale.png  (256x256x1)
  saved: output/img_94_grayscale.png  (256x256x1)
  saved: output/img_95_grayscale.png  (256x256x1)
  saved: output/img_96_grayscale.png  (256x256x1)
  saved: output/img_97_grayscale.png  (256x256x1)
  saved: output/img_98_grayscale.png  (256x256x1)
  saved: output/img_99_grayscale.png  (256x256x1)
[capstone] Running filter 'gaussian' on 120 image(s)...
  images_processed : 120
  total_wall_ms    : 4.37
  avg_per_image_ms : 0.04
  total_input_MB   : 22.50
  saved: output/img_1_gaussian.png  (256x256x1)
  saved: output/img_10_gaussian.png  (256x256x1)
  saved: output/img_100_gaussian.png  (256x256x1)
  saved: output/img_101_gaussian.png  (256x256x1)
  saved: output/img_102_gaussian.png  (256x256x1)
  saved: output/img_103_gaussian.png  (256x256x1)
  saved: output/img_104_gaussian.png  (256x256x1)
  saved: output/img_105_gaussian.png  (256x256x1)
  saved: output/img_106_gaussian.png  (256x256x1)
  saved: output/img_107_gaussian.png  (256x256x1)
  saved: output/img_108_gaussian.png  (256x256x1)
  saved: output/img_109_gaussian.png  (256x256x1)
  saved: output/img_11_gaussian.png  (256x256x1)
  saved: output/img_110_gaussian.png  (256x256x1)
  saved: output/img_111_gaussian.png  (256x256x1)
  saved: output/img_112_gaussian.png  (256x256x1)
  saved: output/img_113_gaussian.png  (256x256x1)
  saved: output/img_114_gaussian.png  (256x256x1)
  saved: output/img_115_gaussian.png  (256x256x1)
  saved: output/img_116_gaussian.png  (256x256x1)
  saved: output/img_117_gaussian.png  (256x256x1)
  saved: output/img_118_gaussian.png  (256x256x1)
  saved: output/img_119_gaussian.png  (256x256x1)
  saved: output/img_12_gaussian.png  (256x256x1)
  saved: output/img_120_gaussian.png  (256x256x1)
  saved: output/img_13_gaussian.png  (256x256x1)
  saved: output/img_14_gaussian.png  (256x256x1)
  saved: output/img_15_gaussian.png  (256x256x1)
  saved: output/img_16_gaussian.png  (256x256x1)
  saved: output/img_17_gaussian.png  (256x256x1)
  saved: output/img_18_gaussian.png  (256x256x1)
  saved: output/img_19_gaussian.png  (256x256x1)
  saved: output/img_2_gaussian.png  (256x256x1)
  saved: output/img_20_gaussian.png  (256x256x1)
  saved: output/img_21_gaussian.png  (256x256x1)
  saved: output/img_22_gaussian.png  (256x256x1)
  saved: output/img_23_gaussian.png  (256x256x1)
  saved: output/img_24_gaussian.png  (256x256x1)
  saved: output/img_25_gaussian.png  (256x256x1)
  saved: output/img_26_gaussian.png  (256x256x1)
  saved: output/img_27_gaussian.png  (256x256x1)
  saved: output/img_28_gaussian.png  (256x256x1)
  saved: output/img_29_gaussian.png  (256x256x1)
  saved: output/img_3_gaussian.png  (256x256x1)
  saved: output/img_30_gaussian.png  (256x256x1)
  saved: output/img_31_gaussian.png  (256x256x1)
  saved: output/img_32_gaussian.png  (256x256x1)
  saved: output/img_33_gaussian.png  (256x256x1)
  saved: output/img_34_gaussian.png  (256x256x1)
  saved: output/img_35_gaussian.png  (256x256x1)
  saved: output/img_36_gaussian.png  (256x256x1)
  saved: output/img_37_gaussian.png  (256x256x1)
  saved: output/img_38_gaussian.png  (256x256x1)
  saved: output/img_39_gaussian.png  (256x256x1)
  saved: output/img_4_gaussian.png  (256x256x1)
  saved: output/img_40_gaussian.png  (256x256x1)
  saved: output/img_41_gaussian.png  (256x256x1)
  saved: output/img_42_gaussian.png  (256x256x1)
  saved: output/img_43_gaussian.png  (256x256x1)
  saved: output/img_44_gaussian.png  (256x256x1)
  saved: output/img_45_gaussian.png  (256x256x1)
  saved: output/img_46_gaussian.png  (256x256x1)
  saved: output/img_47_gaussian.png  (256x256x1)
  saved: output/img_48_gaussian.png  (256x256x1)
  saved: output/img_49_gaussian.png  (256x256x1)
  saved: output/img_5_gaussian.png  (256x256x1)
  saved: output/img_50_gaussian.png  (256x256x1)
  saved: output/img_51_gaussian.png  (256x256x1)
  saved: output/img_52_gaussian.png  (256x256x1)
  saved: output/img_53_gaussian.png  (256x256x1)
  saved: output/img_54_gaussian.png  (256x256x1)
  saved: output/img_55_gaussian.png  (256x256x1)
  saved: output/img_56_gaussian.png  (256x256x1)
  saved: output/img_57_gaussian.png  (256x256x1)
  saved: output/img_58_gaussian.png  (256x256x1)
  saved: output/img_59_gaussian.png  (256x256x1)
  saved: output/img_6_gaussian.png  (256x256x1)
  saved: output/img_60_gaussian.png  (256x256x1)
  saved: output/img_61_gaussian.png  (256x256x1)
  saved: output/img_62_gaussian.png  (256x256x1)
  saved: output/img_63_gaussian.png  (256x256x1)
  saved: output/img_64_gaussian.png  (256x256x1)
  saved: output/img_65_gaussian.png  (256x256x1)
  saved: output/img_66_gaussian.png  (256x256x1)
  saved: output/img_67_gaussian.png  (256x256x1)
  saved: output/img_68_gaussian.png  (256x256x1)
  saved: output/img_69_gaussian.png  (256x256x1)
  saved: output/img_7_gaussian.png  (256x256x1)
  saved: output/img_70_gaussian.png  (256x256x1)
  saved: output/img_71_gaussian.png  (256x256x1)
  saved: output/img_72_gaussian.png  (256x256x1)
  saved: output/img_73_gaussian.png  (256x256x1)
  saved: output/img_74_gaussian.png  (256x256x1)
  saved: output/img_75_gaussian.png  (256x256x1)
  saved: output/img_76_gaussian.png  (256x256x1)
  saved: output/img_77_gaussian.png  (256x256x1)
  saved: output/img_78_gaussian.png  (256x256x1)
  saved: output/img_79_gaussian.png  (256x256x1)
  saved: output/img_8_gaussian.png  (256x256x1)
  saved: output/img_80_gaussian.png  (256x256x1)
  saved: output/img_81_gaussian.png  (256x256x1)
  saved: output/img_82_gaussian.png  (256x256x1)
  saved: output/img_83_gaussian.png  (256x256x1)
  saved: output/img_84_gaussian.png  (256x256x1)
  saved: output/img_85_gaussian.png  (256x256x1)
  saved: output/img_86_gaussian.png  (256x256x1)
  saved: output/img_87_gaussian.png  (256x256x1)
  saved: output/img_88_gaussian.png  (256x256x1)
  saved: output/img_89_gaussian.png  (256x256x1)
  saved: output/img_9_gaussian.png  (256x256x1)
  saved: output/img_90_gaussian.png  (256x256x1)
  saved: output/img_91_gaussian.png  (256x256x1)
  saved: output/img_92_gaussian.png  (256x256x1)
  saved: output/img_93_gaussian.png  (256x256x1)
  saved: output/img_94_gaussian.png  (256x256x1)
  saved: output/img_95_gaussian.png  (256x256x1)
  saved: output/img_96_gaussian.png  (256x256x1)
  saved: output/img_97_gaussian.png  (256x256x1)
  saved: output/img_98_gaussian.png  (256x256x1)
  saved: output/img_99_gaussian.png  (256x256x1)
[capstone] Running filter 'sobel' on 120 image(s)...
  images_processed : 120
  total_wall_ms    : 4.18
  avg_per_image_ms : 0.03
  total_input_MB   : 22.50
  saved: output/img_1_sobel.png  (256x256x1)
  saved: output/img_10_sobel.png  (256x256x1)
  saved: output/img_100_sobel.png  (256x256x1)
  saved: output/img_101_sobel.png  (256x256x1)
  saved: output/img_102_sobel.png  (256x256x1)
  saved: output/img_103_sobel.png  (256x256x1)
  saved: output/img_104_sobel.png  (256x256x1)
  saved: output/img_105_sobel.png  (256x256x1)
  saved: output/img_106_sobel.png  (256x256x1)
  saved: output/img_107_sobel.png  (256x256x1)
  saved: output/img_108_sobel.png  (256x256x1)
  saved: output/img_109_sobel.png  (256x256x1)
  saved: output/img_11_sobel.png  (256x256x1)
  saved: output/img_110_sobel.png  (256x256x1)
  saved: output/img_111_sobel.png  (256x256x1)
  saved: output/img_112_sobel.png  (256x256x1)
  saved: output/img_113_sobel.png  (256x256x1)
  saved: output/img_114_sobel.png  (256x256x1)
  saved: output/img_115_sobel.png  (256x256x1)
  saved: output/img_116_sobel.png  (256x256x1)
  saved: output/img_117_sobel.png  (256x256x1)
  saved: output/img_118_sobel.png  (256x256x1)
  saved: output/img_119_sobel.png  (256x256x1)
  saved: output/img_12_sobel.png  (256x256x1)
  saved: output/img_120_sobel.png  (256x256x1)
  saved: output/img_13_sobel.png  (256x256x1)
  saved: output/img_14_sobel.png  (256x256x1)
  saved: output/img_15_sobel.png  (256x256x1)
  saved: output/img_16_sobel.png  (256x256x1)
  saved: output/img_17_sobel.png  (256x256x1)
  saved: output/img_18_sobel.png  (256x256x1)
  saved: output/img_19_sobel.png  (256x256x1)
  saved: output/img_2_sobel.png  (256x256x1)
  saved: output/img_20_sobel.png  (256x256x1)
  saved: output/img_21_sobel.png  (256x256x1)
  saved: output/img_22_sobel.png  (256x256x1)
  saved: output/img_23_sobel.png  (256x256x1)
  saved: output/img_24_sobel.png  (256x256x1)
  saved: output/img_25_sobel.png  (256x256x1)
  saved: output/img_26_sobel.png  (256x256x1)
  saved: output/img_27_sobel.png  (256x256x1)
  saved: output/img_28_sobel.png  (256x256x1)
  saved: output/img_29_sobel.png  (256x256x1)
  saved: output/img_3_sobel.png  (256x256x1)
  saved: output/img_30_sobel.png  (256x256x1)
  saved: output/img_31_sobel.png  (256x256x1)
  saved: output/img_32_sobel.png  (256x256x1)
  saved: output/img_33_sobel.png  (256x256x1)
  saved: output/img_34_sobel.png  (256x256x1)
  saved: output/img_35_sobel.png  (256x256x1)
  saved: output/img_36_sobel.png  (256x256x1)
  saved: output/img_37_sobel.png  (256x256x1)
  saved: output/img_38_sobel.png  (256x256x1)
  saved: output/img_39_sobel.png  (256x256x1)
  saved: output/img_4_sobel.png  (256x256x1)
  saved: output/img_40_sobel.png  (256x256x1)
  saved: output/img_41_sobel.png  (256x256x1)
  saved: output/img_42_sobel.png  (256x256x1)
  saved: output/img_43_sobel.png  (256x256x1)
  saved: output/img_44_sobel.png  (256x256x1)
  saved: output/img_45_sobel.png  (256x256x1)
  saved: output/img_46_sobel.png  (256x256x1)
  saved: output/img_47_sobel.png  (256x256x1)
  saved: output/img_48_sobel.png  (256x256x1)
  saved: output/img_49_sobel.png  (256x256x1)
  saved: output/img_5_sobel.png  (256x256x1)
  saved: output/img_50_sobel.png  (256x256x1)
  saved: output/img_51_sobel.png  (256x256x1)
  saved: output/img_52_sobel.png  (256x256x1)
  saved: output/img_53_sobel.png  (256x256x1)
  saved: output/img_54_sobel.png  (256x256x1)
  saved: output/img_55_sobel.png  (256x256x1)
  saved: output/img_56_sobel.png  (256x256x1)
  saved: output/img_57_sobel.png  (256x256x1)
  saved: output/img_58_sobel.png  (256x256x1)
  saved: output/img_59_sobel.png  (256x256x1)
  saved: output/img_6_sobel.png  (256x256x1)
  saved: output/img_60_sobel.png  (256x256x1)
  saved: output/img_61_sobel.png  (256x256x1)
  saved: output/img_62_sobel.png  (256x256x1)
  saved: output/img_63_sobel.png  (256x256x1)
  saved: output/img_64_sobel.png  (256x256x1)
  saved: output/img_65_sobel.png  (256x256x1)
  saved: output/img_66_sobel.png  (256x256x1)
  saved: output/img_67_sobel.png  (256x256x1)
  saved: output/img_68_sobel.png  (256x256x1)
  saved: output/img_69_sobel.png  (256x256x1)
  saved: output/img_7_sobel.png  (256x256x1)
  saved: output/img_70_sobel.png  (256x256x1)
  saved: output/img_71_sobel.png  (256x256x1)
  saved: output/img_72_sobel.png  (256x256x1)
  saved: output/img_73_sobel.png  (256x256x1)
  saved: output/img_74_sobel.png  (256x256x1)
  saved: output/img_75_sobel.png  (256x256x1)
  saved: output/img_76_sobel.png  (256x256x1)
  saved: output/img_77_sobel.png  (256x256x1)
  saved: output/img_78_sobel.png  (256x256x1)
  saved: output/img_79_sobel.png  (256x256x1)
  saved: output/img_8_sobel.png  (256x256x1)
  saved: output/img_80_sobel.png  (256x256x1)
  saved: output/img_81_sobel.png  (256x256x1)
  saved: output/img_82_sobel.png  (256x256x1)
  saved: output/img_83_sobel.png  (256x256x1)
  saved: output/img_84_sobel.png  (256x256x1)
  saved: output/img_85_sobel.png  (256x256x1)
  saved: output/img_86_sobel.png  (256x256x1)
  saved: output/img_87_sobel.png  (256x256x1)
  saved: output/img_88_sobel.png  (256x256x1)
  saved: output/img_89_sobel.png  (256x256x1)
  saved: output/img_9_sobel.png  (256x256x1)
  saved: output/img_90_sobel.png  (256x256x1)
  saved: output/img_91_sobel.png  (256x256x1)
  saved: output/img_92_sobel.png  (256x256x1)
  saved: output/img_93_sobel.png  (256x256x1)
  saved: output/img_94_sobel.png  (256x256x1)
  saved: output/img_95_sobel.png  (256x256x1)
  saved: output/img_96_sobel.png  (256x256x1)
  saved: output/img_97_sobel.png  (256x256x1)
  saved: output/img_98_sobel.png  (256x256x1)
  saved: output/img_99_sobel.png  (256x256x1)
[capstone] Running filter 'histoeq' on 120 image(s)...
  images_processed : 120
  total_wall_ms    : 8.90
  avg_per_image_ms : 0.07
  total_input_MB   : 22.50
  saved: output/img_1_histoeq.png  (256x256x1)
  saved: output/img_10_histoeq.png  (256x256x1)
  saved: output/img_100_histoeq.png  (256x256x1)
  saved: output/img_101_histoeq.png  (256x256x1)
  saved: output/img_102_histoeq.png  (256x256x1)
  saved: output/img_103_histoeq.png  (256x256x1)
  saved: output/img_104_histoeq.png  (256x256x1)
  saved: output/img_105_histoeq.png  (256x256x1)
  saved: output/img_106_histoeq.png  (256x256x1)
  saved: output/img_107_histoeq.png  (256x256x1)
  saved: output/img_108_histoeq.png  (256x256x1)
  saved: output/img_109_histoeq.png  (256x256x1)
  saved: output/img_11_histoeq.png  (256x256x1)
  saved: output/img_110_histoeq.png  (256x256x1)
  saved: output/img_111_histoeq.png  (256x256x1)
  saved: output/img_112_histoeq.png  (256x256x1)
  saved: output/img_113_histoeq.png  (256x256x1)
  saved: output/img_114_histoeq.png  (256x256x1)
  saved: output/img_115_histoeq.png  (256x256x1)
  saved: output/img_116_histoeq.png  (256x256x1)
  saved: output/img_117_histoeq.png  (256x256x1)
  saved: output/img_118_histoeq.png  (256x256x1)
  saved: output/img_119_histoeq.png  (256x256x1)
  saved: output/img_12_histoeq.png  (256x256x1)
  saved: output/img_120_histoeq.png  (256x256x1)
  saved: output/img_13_histoeq.png  (256x256x1)
  saved: output/img_14_histoeq.png  (256x256x1)
  saved: output/img_15_histoeq.png  (256x256x1)
  saved: output/img_16_histoeq.png  (256x256x1)
  saved: output/img_17_histoeq.png  (256x256x1)
  saved: output/img_18_histoeq.png  (256x256x1)
  saved: output/img_19_histoeq.png  (256x256x1)
  saved: output/img_2_histoeq.png  (256x256x1)
  saved: output/img_20_histoeq.png  (256x256x1)
  saved: output/img_21_histoeq.png  (256x256x1)
  saved: output/img_22_histoeq.png  (256x256x1)
  saved: output/img_23_histoeq.png  (256x256x1)
  saved: output/img_24_histoeq.png  (256x256x1)
  saved: output/img_25_histoeq.png  (256x256x1)
  saved: output/img_26_histoeq.png  (256x256x1)
  saved: output/img_27_histoeq.png  (256x256x1)
  saved: output/img_28_histoeq.png  (256x256x1)
  saved: output/img_29_histoeq.png  (256x256x1)
  saved: output/img_3_histoeq.png  (256x256x1)
  saved: output/img_30_histoeq.png  (256x256x1)
  saved: output/img_31_histoeq.png  (256x256x1)
  saved: output/img_32_histoeq.png  (256x256x1)
  saved: output/img_33_histoeq.png  (256x256x1)
  saved: output/img_34_histoeq.png  (256x256x1)
  saved: output/img_35_histoeq.png  (256x256x1)
  saved: output/img_36_histoeq.png  (256x256x1)
  saved: output/img_37_histoeq.png  (256x256x1)
  saved: output/img_38_histoeq.png  (256x256x1)
  saved: output/img_39_histoeq.png  (256x256x1)
  saved: output/img_4_histoeq.png  (256x256x1)
  saved: output/img_40_histoeq.png  (256x256x1)
  saved: output/img_41_histoeq.png  (256x256x1)
  saved: output/img_42_histoeq.png  (256x256x1)
  saved: output/img_43_histoeq.png  (256x256x1)
  saved: output/img_44_histoeq.png  (256x256x1)
  saved: output/img_45_histoeq.png  (256x256x1)
  saved: output/img_46_histoeq.png  (256x256x1)
  saved: output/img_47_histoeq.png  (256x256x1)
  saved: output/img_48_histoeq.png  (256x256x1)
  saved: output/img_49_histoeq.png  (256x256x1)
  saved: output/img_5_histoeq.png  (256x256x1)
  saved: output/img_50_histoeq.png  (256x256x1)
  saved: output/img_51_histoeq.png  (256x256x1)
  saved: output/img_52_histoeq.png  (256x256x1)
  saved: output/img_53_histoeq.png  (256x256x1)
  saved: output/img_54_histoeq.png  (256x256x1)
  saved: output/img_55_histoeq.png  (256x256x1)
  saved: output/img_56_histoeq.png  (256x256x1)
  saved: output/img_57_histoeq.png  (256x256x1)
  saved: output/img_58_histoeq.png  (256x256x1)
  saved: output/img_59_histoeq.png  (256x256x1)
  saved: output/img_6_histoeq.png  (256x256x1)
  saved: output/img_60_histoeq.png  (256x256x1)
  saved: output/img_61_histoeq.png  (256x256x1)
  saved: output/img_62_histoeq.png  (256x256x1)
  saved: output/img_63_histoeq.png  (256x256x1)
  saved: output/img_64_histoeq.png  (256x256x1)
  saved: output/img_65_histoeq.png  (256x256x1)
  saved: output/img_66_histoeq.png  (256x256x1)
  saved: output/img_67_histoeq.png  (256x256x1)
  saved: output/img_68_histoeq.png  (256x256x1)
  saved: output/img_69_histoeq.png  (256x256x1)
  saved: output/img_7_histoeq.png  (256x256x1)
  saved: output/img_70_histoeq.png  (256x256x1)
  saved: output/img_71_histoeq.png  (256x256x1)
  saved: output/img_72_histoeq.png  (256x256x1)
  saved: output/img_73_histoeq.png  (256x256x1)
  saved: output/img_74_histoeq.png  (256x256x1)
  saved: output/img_75_histoeq.png  (256x256x1)
  saved: output/img_76_histoeq.png  (256x256x1)
  saved: output/img_77_histoeq.png  (256x256x1)
  saved: output/img_78_histoeq.png  (256x256x1)
  saved: output/img_79_histoeq.png  (256x256x1)
  saved: output/img_8_histoeq.png  (256x256x1)
  saved: output/img_80_histoeq.png  (256x256x1)
  saved: output/img_81_histoeq.png  (256x256x1)
  saved: output/img_82_histoeq.png  (256x256x1)
  saved: output/img_83_histoeq.png  (256x256x1)
  saved: output/img_84_histoeq.png  (256x256x1)
  saved: output/img_85_histoeq.png  (256x256x1)
  saved: output/img_86_histoeq.png  (256x256x1)
  saved: output/img_87_histoeq.png  (256x256x1)
  saved: output/img_88_histoeq.png  (256x256x1)
  saved: output/img_89_histoeq.png  (256x256x1)
  saved: output/img_9_histoeq.png  (256x256x1)
  saved: output/img_90_histoeq.png  (256x256x1)
  saved: output/img_91_histoeq.png  (256x256x1)
  saved: output/img_92_histoeq.png  (256x256x1)
  saved: output/img_93_histoeq.png  (256x256x1)
  saved: output/img_94_histoeq.png  (256x256x1)
  saved: output/img_95_histoeq.png  (256x256x1)
  saved: output/img_96_histoeq.png  (256x256x1)
  saved: output/img_97_histoeq.png  (256x256x1)
  saved: output/img_98_histoeq.png  (256x256x1)
  saved: output/img_99_histoeq.png  (256x256x1)
[capstone] Running filter 'pipeline' on 120 image(s)...
  images_processed : 120
  total_wall_ms    : 4.96
  avg_per_image_ms : 0.04
  total_input_MB   : 22.50
  saved: output/img_1_pipeline.png  (256x256x1)
  saved: output/img_10_pipeline.png  (256x256x1)
  saved: output/img_100_pipeline.png  (256x256x1)
  saved: output/img_101_pipeline.png  (256x256x1)
  saved: output/img_102_pipeline.png  (256x256x1)
  saved: output/img_103_pipeline.png  (256x256x1)
  saved: output/img_104_pipeline.png  (256x256x1)
  saved: output/img_105_pipeline.png  (256x256x1)
  saved: output/img_106_pipeline.png  (256x256x1)
  saved: output/img_107_pipeline.png  (256x256x1)
  saved: output/img_108_pipeline.png  (256x256x1)
  saved: output/img_109_pipeline.png  (256x256x1)
  saved: output/img_11_pipeline.png  (256x256x1)
  saved: output/img_110_pipeline.png  (256x256x1)
  saved: output/img_111_pipeline.png  (256x256x1)
  saved: output/img_112_pipeline.png  (256x256x1)
  saved: output/img_113_pipeline.png  (256x256x1)
  saved: output/img_114_pipeline.png  (256x256x1)
  saved: output/img_115_pipeline.png  (256x256x1)
  saved: output/img_116_pipeline.png  (256x256x1)
  saved: output/img_117_pipeline.png  (256x256x1)
  saved: output/img_118_pipeline.png  (256x256x1)
  saved: output/img_119_pipeline.png  (256x256x1)
  saved: output/img_12_pipeline.png  (256x256x1)
  saved: output/img_120_pipeline.png  (256x256x1)
  saved: output/img_13_pipeline.png  (256x256x1)
  saved: output/img_14_pipeline.png  (256x256x1)
  saved: output/img_15_pipeline.png  (256x256x1)
  saved: output/img_16_pipeline.png  (256x256x1)
  saved: output/img_17_pipeline.png  (256x256x1)
  saved: output/img_18_pipeline.png  (256x256x1)
  saved: output/img_19_pipeline.png  (256x256x1)
  saved: output/img_2_pipeline.png  (256x256x1)
  saved: output/img_20_pipeline.png  (256x256x1)
  saved: output/img_21_pipeline.png  (256x256x1)
  saved: output/img_22_pipeline.png  (256x256x1)
  saved: output/img_23_pipeline.png  (256x256x1)
  saved: output/img_24_pipeline.png  (256x256x1)
  saved: output/img_25_pipeline.png  (256x256x1)
  saved: output/img_26_pipeline.png  (256x256x1)
  saved: output/img_27_pipeline.png  (256x256x1)
  saved: output/img_28_pipeline.png  (256x256x1)
  saved: output/img_29_pipeline.png  (256x256x1)
  saved: output/img_3_pipeline.png  (256x256x1)
  saved: output/img_30_pipeline.png  (256x256x1)
  saved: output/img_31_pipeline.png  (256x256x1)
  saved: output/img_32_pipeline.png  (256x256x1)
  saved: output/img_33_pipeline.png  (256x256x1)
  saved: output/img_34_pipeline.png  (256x256x1)
  saved: output/img_35_pipeline.png  (256x256x1)
  saved: output/img_36_pipeline.png  (256x256x1)
  saved: output/img_37_pipeline.png  (256x256x1)
  saved: output/img_38_pipeline.png  (256x256x1)
  saved: output/img_39_pipeline.png  (256x256x1)
  saved: output/img_4_pipeline.png  (256x256x1)
  saved: output/img_40_pipeline.png  (256x256x1)
  saved: output/img_41_pipeline.png  (256x256x1)
  saved: output/img_42_pipeline.png  (256x256x1)
  saved: output/img_43_pipeline.png  (256x256x1)
  saved: output/img_44_pipeline.png  (256x256x1)
  saved: output/img_45_pipeline.png  (256x256x1)
  saved: output/img_46_pipeline.png  (256x256x1)
  saved: output/img_47_pipeline.png  (256x256x1)
  saved: output/img_48_pipeline.png  (256x256x1)
  saved: output/img_49_pipeline.png  (256x256x1)
  saved: output/img_5_pipeline.png  (256x256x1)
  saved: output/img_50_pipeline.png  (256x256x1)
  saved: output/img_51_pipeline.png  (256x256x1)
  saved: output/img_52_pipeline.png  (256x256x1)
  saved: output/img_53_pipeline.png  (256x256x1)
  saved: output/img_54_pipeline.png  (256x256x1)
  saved: output/img_55_pipeline.png  (256x256x1)
  saved: output/img_56_pipeline.png  (256x256x1)
  saved: output/img_57_pipeline.png  (256x256x1)
  saved: output/img_58_pipeline.png  (256x256x1)
  saved: output/img_59_pipeline.png  (256x256x1)
  saved: output/img_6_pipeline.png  (256x256x1)
  saved: output/img_60_pipeline.png  (256x256x1)
  saved: output/img_61_pipeline.png  (256x256x1)
  saved: output/img_62_pipeline.png  (256x256x1)
  saved: output/img_63_pipeline.png  (256x256x1)
  saved: output/img_64_pipeline.png  (256x256x1)
  saved: output/img_65_pipeline.png  (256x256x1)
  saved: output/img_66_pipeline.png  (256x256x1)
  saved: output/img_67_pipeline.png  (256x256x1)
  saved: output/img_68_pipeline.png  (256x256x1)
  saved: output/img_69_pipeline.png  (256x256x1)
  saved: output/img_7_pipeline.png  (256x256x1)
  saved: output/img_70_pipeline.png  (256x256x1)
  saved: output/img_71_pipeline.png  (256x256x1)
  saved: output/img_72_pipeline.png  (256x256x1)
  saved: output/img_73_pipeline.png  (256x256x1)
  saved: output/img_74_pipeline.png  (256x256x1)
  saved: output/img_75_pipeline.png  (256x256x1)
  saved: output/img_76_pipeline.png  (256x256x1)
  saved: output/img_77_pipeline.png  (256x256x1)
  saved: output/img_78_pipeline.png  (256x256x1)
  saved: output/img_79_pipeline.png  (256x256x1)
  saved: output/img_8_pipeline.png  (256x256x1)
  saved: output/img_80_pipeline.png  (256x256x1)
  saved: output/img_81_pipeline.png  (256x256x1)
  saved: output/img_82_pipeline.png  (256x256x1)
  saved: output/img_83_pipeline.png  (256x256x1)
  saved: output/img_84_pipeline.png  (256x256x1)
  saved: output/img_85_pipeline.png  (256x256x1)
  saved: output/img_86_pipeline.png  (256x256x1)
  saved: output/img_87_pipeline.png  (256x256x1)
  saved: output/img_88_pipeline.png  (256x256x1)
  saved: output/img_89_pipeline.png  (256x256x1)
  saved: output/img_9_pipeline.png  (256x256x1)
  saved: output/img_90_pipeline.png  (256x256x1)
  saved: output/img_91_pipeline.png  (256x256x1)
  saved: output/img_92_pipeline.png  (256x256x1)
  saved: output/img_93_pipeline.png  (256x256x1)
  saved: output/img_94_pipeline.png  (256x256x1)
  saved: output/img_95_pipeline.png  (256x256x1)
  saved: output/img_96_pipeline.png  (256x256x1)
  saved: output/img_97_pipeline.png  (256x256x1)
  saved: output/img_98_pipeline.png  (256x256x1)
  saved: output/img_99_pipeline.png  (256x256x1)
[capstone] Running filter 'sepgauss' on 120 image(s)...
  images_processed : 120
  total_wall_ms    : 5.44
  avg_per_image_ms : 0.05
  total_input_MB   : 22.50
  saved: output/img_1_sepgauss.png  (256x256x1)
  saved: output/img_10_sepgauss.png  (256x256x1)
  saved: output/img_100_sepgauss.png  (256x256x1)
  saved: output/img_101_sepgauss.png  (256x256x1)
  saved: output/img_102_sepgauss.png  (256x256x1)
  saved: output/img_103_sepgauss.png  (256x256x1)
  saved: output/img_104_sepgauss.png  (256x256x1)
  saved: output/img_105_sepgauss.png  (256x256x1)
  saved: output/img_106_sepgauss.png  (256x256x1)
  saved: output/img_107_sepgauss.png  (256x256x1)
  saved: output/img_108_sepgauss.png  (256x256x1)
  saved: output/img_109_sepgauss.png  (256x256x1)
  saved: output/img_11_sepgauss.png  (256x256x1)
  saved: output/img_110_sepgauss.png  (256x256x1)
  saved: output/img_111_sepgauss.png  (256x256x1)
  saved: output/img_112_sepgauss.png  (256x256x1)
  saved: output/img_113_sepgauss.png  (256x256x1)
  saved: output/img_114_sepgauss.png  (256x256x1)
  saved: output/img_115_sepgauss.png  (256x256x1)
  saved: output/img_116_sepgauss.png  (256x256x1)
  saved: output/img_117_sepgauss.png  (256x256x1)
  saved: output/img_118_sepgauss.png  (256x256x1)
  saved: output/img_119_sepgauss.png  (256x256x1)
  saved: output/img_12_sepgauss.png  (256x256x1)
  saved: output/img_120_sepgauss.png  (256x256x1)
  saved: output/img_13_sepgauss.png  (256x256x1)
  saved: output/img_14_sepgauss.png  (256x256x1)
  saved: output/img_15_sepgauss.png  (256x256x1)
  saved: output/img_16_sepgauss.png  (256x256x1)
  saved: output/img_17_sepgauss.png  (256x256x1)
  saved: output/img_18_sepgauss.png  (256x256x1)
  saved: output/img_19_sepgauss.png  (256x256x1)
  saved: output/img_2_sepgauss.png  (256x256x1)
  saved: output/img_20_sepgauss.png  (256x256x1)
  saved: output/img_21_sepgauss.png  (256x256x1)
  saved: output/img_22_sepgauss.png  (256x256x1)
  saved: output/img_23_sepgauss.png  (256x256x1)
  saved: output/img_24_sepgauss.png  (256x256x1)
  saved: output/img_25_sepgauss.png  (256x256x1)
  saved: output/img_26_sepgauss.png  (256x256x1)
  saved: output/img_27_sepgauss.png  (256x256x1)
  saved: output/img_28_sepgauss.png  (256x256x1)
  saved: output/img_29_sepgauss.png  (256x256x1)
  saved: output/img_3_sepgauss.png  (256x256x1)
  saved: output/img_30_sepgauss.png  (256x256x1)
  saved: output/img_31_sepgauss.png  (256x256x1)
  saved: output/img_32_sepgauss.png  (256x256x1)
  saved: output/img_33_sepgauss.png  (256x256x1)
  saved: output/img_34_sepgauss.png  (256x256x1)
  saved: output/img_35_sepgauss.png  (256x256x1)
  saved: output/img_36_sepgauss.png  (256x256x1)
  saved: output/img_37_sepgauss.png  (256x256x1)
  saved: output/img_38_sepgauss.png  (256x256x1)
  saved: output/img_39_sepgauss.png  (256x256x1)
  saved: output/img_4_sepgauss.png  (256x256x1)
  saved: output/img_40_sepgauss.png  (256x256x1)
  saved: output/img_41_sepgauss.png  (256x256x1)
  saved: output/img_42_sepgauss.png  (256x256x1)
  saved: output/img_43_sepgauss.png  (256x256x1)
  saved: output/img_44_sepgauss.png  (256x256x1)
  saved: output/img_45_sepgauss.png  (256x256x1)
  saved: output/img_46_sepgauss.png  (256x256x1)
  saved: output/img_47_sepgauss.png  (256x256x1)
  saved: output/img_48_sepgauss.png  (256x256x1)
  saved: output/img_49_sepgauss.png  (256x256x1)
  saved: output/img_5_sepgauss.png  (256x256x1)
  saved: output/img_50_sepgauss.png  (256x256x1)
  saved: output/img_51_sepgauss.png  (256x256x1)
  saved: output/img_52_sepgauss.png  (256x256x1)
  saved: output/img_53_sepgauss.png  (256x256x1)
  saved: output/img_54_sepgauss.png  (256x256x1)
  saved: output/img_55_sepgauss.png  (256x256x1)
  saved: output/img_56_sepgauss.png  (256x256x1)
  saved: output/img_57_sepgauss.png  (256x256x1)
  saved: output/img_58_sepgauss.png  (256x256x1)
  saved: output/img_59_sepgauss.png  (256x256x1)
  saved: output/img_6_sepgauss.png  (256x256x1)
  saved: output/img_60_sepgauss.png  (256x256x1)
  saved: output/img_61_sepgauss.png  (256x256x1)
  saved: output/img_62_sepgauss.png  (256x256x1)
  saved: output/img_63_sepgauss.png  (256x256x1)
  saved: output/img_64_sepgauss.png  (256x256x1)
  saved: output/img_65_sepgauss.png  (256x256x1)
  saved: output/img_66_sepgauss.png  (256x256x1)
  saved: output/img_67_sepgauss.png  (256x256x1)
  saved: output/img_68_sepgauss.png  (256x256x1)
  saved: output/img_69_sepgauss.png  (256x256x1)
  saved: output/img_7_sepgauss.png  (256x256x1)
  saved: output/img_70_sepgauss.png  (256x256x1)
  saved: output/img_71_sepgauss.png  (256x256x1)
  saved: output/img_72_sepgauss.png  (256x256x1)
  saved: output/img_73_sepgauss.png  (256x256x1)
  saved: output/img_74_sepgauss.png  (256x256x1)
  saved: output/img_75_sepgauss.png  (256x256x1)
  saved: output/img_76_sepgauss.png  (256x256x1)
  saved: output/img_77_sepgauss.png  (256x256x1)
  saved: output/img_78_sepgauss.png  (256x256x1)
  saved: output/img_79_sepgauss.png  (256x256x1)
  saved: output/img_8_sepgauss.png  (256x256x1)
  saved: output/img_80_sepgauss.png  (256x256x1)
  saved: output/img_81_sepgauss.png  (256x256x1)
  saved: output/img_82_sepgauss.png  (256x256x1)
  saved: output/img_83_sepgauss.png  (256x256x1)
  saved: output/img_84_sepgauss.png  (256x256x1)
  saved: output/img_85_sepgauss.png  (256x256x1)
  saved: output/img_86_sepgauss.png  (256x256x1)
  saved: output/img_87_sepgauss.png  (256x256x1)
  saved: output/img_88_sepgauss.png  (256x256x1)
  saved: output/img_89_sepgauss.png  (256x256x1)
  saved: output/img_9_sepgauss.png  (256x256x1)
  saved: output/img_90_sepgauss.png  (256x256x1)
  saved: output/img_91_sepgauss.png  (256x256x1)
  saved: output/img_92_sepgauss.png  (256x256x1)
  saved: output/img_93_sepgauss.png  (256x256x1)
  saved: output/img_94_sepgauss.png  (256x256x1)
  saved: output/img_95_sepgauss.png  (256x256x1)
  saved: output/img_96_sepgauss.png  (256x256x1)
  saved: output/img_97_sepgauss.png  (256x256x1)
  saved: output/img_98_sepgauss.png  (256x256x1)
  saved: output/img_99_sepgauss.png  (256x256x1)
[capstone] Running filter 'unsharp' on 120 image(s)...
  images_processed : 120
  total_wall_ms    : 5.09
  avg_per_image_ms : 0.04
  total_input_MB   : 22.50
  saved: output/img_1_unsharp.png  (256x256x1)
  saved: output/img_10_unsharp.png  (256x256x1)
  saved: output/img_100_unsharp.png  (256x256x1)
  saved: output/img_101_unsharp.png  (256x256x1)
  saved: output/img_102_unsharp.png  (256x256x1)
  saved: output/img_103_unsharp.png  (256x256x1)
  saved: output/img_104_unsharp.png  (256x256x1)
  saved: output/img_105_unsharp.png  (256x256x1)
  saved: output/img_106_unsharp.png  (256x256x1)
  saved: output/img_107_unsharp.png  (256x256x1)
  saved: output/img_108_unsharp.png  (256x256x1)
  saved: output/img_109_unsharp.png  (256x256x1)
  saved: output/img_11_unsharp.png  (256x256x1)
  saved: output/img_110_unsharp.png  (256x256x1)
  saved: output/img_111_unsharp.png  (256x256x1)
  saved: output/img_112_unsharp.png  (256x256x1)
  saved: output/img_113_unsharp.png  (256x256x1)
  saved: output/img_114_unsharp.png  (256x256x1)
  saved: output/img_115_unsharp.png  (256x256x1)
  saved: output/img_116_unsharp.png  (256x256x1)
  saved: output/img_117_unsharp.png  (256x256x1)
  saved: output/img_118_unsharp.png  (256x256x1)
  saved: output/img_119_unsharp.png  (256x256x1)
  saved: output/img_12_unsharp.png  (256x256x1)
  saved: output/img_120_unsharp.png  (256x256x1)
  saved: output/img_13_unsharp.png  (256x256x1)
  saved: output/img_14_unsharp.png  (256x256x1)
  saved: output/img_15_unsharp.png  (256x256x1)
  saved: output/img_16_unsharp.png  (256x256x1)
  saved: output/img_17_unsharp.png  (256x256x1)
  saved: output/img_18_unsharp.png  (256x256x1)
  saved: output/img_19_unsharp.png  (256x256x1)
  saved: output/img_2_unsharp.png  (256x256x1)
  saved: output/img_20_unsharp.png  (256x256x1)
  saved: output/img_21_unsharp.png  (256x256x1)
  saved: output/img_22_unsharp.png  (256x256x1)
  saved: output/img_23_unsharp.png  (256x256x1)
  saved: output/img_24_unsharp.png  (256x256x1)
  saved: output/img_25_unsharp.png  (256x256x1)
  saved: output/img_26_unsharp.png  (256x256x1)
  saved: output/img_27_unsharp.png  (256x256x1)
  saved: output/img_28_unsharp.png  (256x256x1)
  saved: output/img_29_unsharp.png  (256x256x1)
  saved: output/img_3_unsharp.png  (256x256x1)
  saved: output/img_30_unsharp.png  (256x256x1)
  saved: output/img_31_unsharp.png  (256x256x1)
  saved: output/img_32_unsharp.png  (256x256x1)
  saved: output/img_33_unsharp.png  (256x256x1)
  saved: output/img_34_unsharp.png  (256x256x1)
  saved: output/img_35_unsharp.png  (256x256x1)
  saved: output/img_36_unsharp.png  (256x256x1)
  saved: output/img_37_unsharp.png  (256x256x1)
  saved: output/img_38_unsharp.png  (256x256x1)
  saved: output/img_39_unsharp.png  (256x256x1)
  saved: output/img_4_unsharp.png  (256x256x1)
  saved: output/img_40_unsharp.png  (256x256x1)
  saved: output/img_41_unsharp.png  (256x256x1)
  saved: output/img_42_unsharp.png  (256x256x1)
  saved: output/img_43_unsharp.png  (256x256x1)
  saved: output/img_44_unsharp.png  (256x256x1)
  saved: output/img_45_unsharp.png  (256x256x1)
  saved: output/img_46_unsharp.png  (256x256x1)
  saved: output/img_47_unsharp.png  (256x256x1)
  saved: output/img_48_unsharp.png  (256x256x1)
  saved: output/img_49_unsharp.png  (256x256x1)
  saved: output/img_5_unsharp.png  (256x256x1)
  saved: output/img_50_unsharp.png  (256x256x1)
  saved: output/img_51_unsharp.png  (256x256x1)
  saved: output/img_52_unsharp.png  (256x256x1)
  saved: output/img_53_unsharp.png  (256x256x1)
  saved: output/img_54_unsharp.png  (256x256x1)
  saved: output/img_55_unsharp.png  (256x256x1)
  saved: output/img_56_unsharp.png  (256x256x1)
  saved: output/img_57_unsharp.png  (256x256x1)
  saved: output/img_58_unsharp.png  (256x256x1)
  saved: output/img_59_unsharp.png  (256x256x1)
  saved: output/img_6_unsharp.png  (256x256x1)
  saved: output/img_60_unsharp.png  (256x256x1)
  saved: output/img_61_unsharp.png  (256x256x1)
  saved: output/img_62_unsharp.png  (256x256x1)
  saved: output/img_63_unsharp.png  (256x256x1)
  saved: output/img_64_unsharp.png  (256x256x1)
  saved: output/img_65_unsharp.png  (256x256x1)
  saved: output/img_66_unsharp.png  (256x256x1)
  saved: output/img_67_unsharp.png  (256x256x1)
  saved: output/img_68_unsharp.png  (256x256x1)
  saved: output/img_69_unsharp.png  (256x256x1)
  saved: output/img_7_unsharp.png  (256x256x1)
  saved: output/img_70_unsharp.png  (256x256x1)
  saved: output/img_71_unsharp.png  (256x256x1)
  saved: output/img_72_unsharp.png  (256x256x1)
  saved: output/img_73_unsharp.png  (256x256x1)
  saved: output/img_74_unsharp.png  (256x256x1)
  saved: output/img_75_unsharp.png  (256x256x1)
  saved: output/img_76_unsharp.png  (256x256x1)
  saved: output/img_77_unsharp.png  (256x256x1)
  saved: output/img_78_unsharp.png  (256x256x1)
  saved: output/img_79_unsharp.png  (256x256x1)
  saved: output/img_8_unsharp.png  (256x256x1)
  saved: output/img_80_unsharp.png  (256x256x1)
  saved: output/img_81_unsharp.png  (256x256x1)
  saved: output/img_82_unsharp.png  (256x256x1)
  saved: output/img_83_unsharp.png  (256x256x1)
  saved: output/img_84_unsharp.png  (256x256x1)
  saved: output/img_85_unsharp.png  (256x256x1)
  saved: output/img_86_unsharp.png  (256x256x1)
  saved: output/img_87_unsharp.png  (256x256x1)
  saved: output/img_88_unsharp.png  (256x256x1)
  saved: output/img_89_unsharp.png  (256x256x1)
  saved: output/img_9_unsharp.png  (256x256x1)
  saved: output/img_90_unsharp.png  (256x256x1)
  saved: output/img_91_unsharp.png  (256x256x1)
  saved: output/img_92_unsharp.png  (256x256x1)
  saved: output/img_93_unsharp.png  (256x256x1)
  saved: output/img_94_unsharp.png  (256x256x1)
  saved: output/img_95_unsharp.png  (256x256x1)
  saved: output/img_96_unsharp.png  (256x256x1)
  saved: output/img_97_unsharp.png  (256x256x1)
  saved: output/img_98_unsharp.png  (256x256x1)
  saved: output/img_99_unsharp.png  (256x256x1)
[capstone] Running filter 'canny' on 120 image(s)...
  images_processed : 120
  total_wall_ms    : 7.38
  avg_per_image_ms : 0.06
  total_input_MB   : 22.50
  saved: output/img_1_canny.png  (256x256x1)
  saved: output/img_10_canny.png  (256x256x1)
  saved: output/img_100_canny.png  (256x256x1)
  saved: output/img_101_canny.png  (256x256x1)
  saved: output/img_102_canny.png  (256x256x1)
  saved: output/img_103_canny.png  (256x256x1)
  saved: output/img_104_canny.png  (256x256x1)
  saved: output/img_105_canny.png  (256x256x1)
  saved: output/img_106_canny.png  (256x256x1)
  saved: output/img_107_canny.png  (256x256x1)
  saved: output/img_108_canny.png  (256x256x1)
  saved: output/img_109_canny.png  (256x256x1)
  saved: output/img_11_canny.png  (256x256x1)
  saved: output/img_110_canny.png  (256x256x1)
  saved: output/img_111_canny.png  (256x256x1)
  saved: output/img_112_canny.png  (256x256x1)
  saved: output/img_113_canny.png  (256x256x1)
  saved: output/img_114_canny.png  (256x256x1)
  saved: output/img_115_canny.png  (256x256x1)
  saved: output/img_116_canny.png  (256x256x1)
  saved: output/img_117_canny.png  (256x256x1)
  saved: output/img_118_canny.png  (256x256x1)
  saved: output/img_119_canny.png  (256x256x1)
  saved: output/img_12_canny.png  (256x256x1)
  saved: output/img_120_canny.png  (256x256x1)
  saved: output/img_13_canny.png  (256x256x1)
  saved: output/img_14_canny.png  (256x256x1)
  saved: output/img_15_canny.png  (256x256x1)
  saved: output/img_16_canny.png  (256x256x1)
  saved: output/img_17_canny.png  (256x256x1)
  saved: output/img_18_canny.png  (256x256x1)
  saved: output/img_19_canny.png  (256x256x1)
  saved: output/img_2_canny.png  (256x256x1)
  saved: output/img_20_canny.png  (256x256x1)
  saved: output/img_21_canny.png  (256x256x1)
  saved: output/img_22_canny.png  (256x256x1)
  saved: output/img_23_canny.png  (256x256x1)
  saved: output/img_24_canny.png  (256x256x1)
  saved: output/img_25_canny.png  (256x256x1)
  saved: output/img_26_canny.png  (256x256x1)
  saved: output/img_27_canny.png  (256x256x1)
  saved: output/img_28_canny.png  (256x256x1)
  saved: output/img_29_canny.png  (256x256x1)
  saved: output/img_3_canny.png  (256x256x1)
  saved: output/img_30_canny.png  (256x256x1)
  saved: output/img_31_canny.png  (256x256x1)
  saved: output/img_32_canny.png  (256x256x1)
  saved: output/img_33_canny.png  (256x256x1)
  saved: output/img_34_canny.png  (256x256x1)
  saved: output/img_35_canny.png  (256x256x1)
  saved: output/img_36_canny.png  (256x256x1)
  saved: output/img_37_canny.png  (256x256x1)
  saved: output/img_38_canny.png  (256x256x1)
  saved: output/img_39_canny.png  (256x256x1)
  saved: output/img_4_canny.png  (256x256x1)
  saved: output/img_40_canny.png  (256x256x1)
  saved: output/img_41_canny.png  (256x256x1)
  saved: output/img_42_canny.png  (256x256x1)
  saved: output/img_43_canny.png  (256x256x1)
  saved: output/img_44_canny.png  (256x256x1)
  saved: output/img_45_canny.png  (256x256x1)
  saved: output/img_46_canny.png  (256x256x1)
  saved: output/img_47_canny.png  (256x256x1)
  saved: output/img_48_canny.png  (256x256x1)
  saved: output/img_49_canny.png  (256x256x1)
  saved: output/img_5_canny.png  (256x256x1)
  saved: output/img_50_canny.png  (256x256x1)
  saved: output/img_51_canny.png  (256x256x1)
  saved: output/img_52_canny.png  (256x256x1)
  saved: output/img_53_canny.png  (256x256x1)
  saved: output/img_54_canny.png  (256x256x1)
  saved: output/img_55_canny.png  (256x256x1)
  saved: output/img_56_canny.png  (256x256x1)
  saved: output/img_57_canny.png  (256x256x1)
  saved: output/img_58_canny.png  (256x256x1)
  saved: output/img_59_canny.png  (256x256x1)
  saved: output/img_6_canny.png  (256x256x1)
  saved: output/img_60_canny.png  (256x256x1)
  saved: output/img_61_canny.png  (256x256x1)
  saved: output/img_62_canny.png  (256x256x1)
  saved: output/img_63_canny.png  (256x256x1)
  saved: output/img_64_canny.png  (256x256x1)
  saved: output/img_65_canny.png  (256x256x1)
  saved: output/img_66_canny.png  (256x256x1)
  saved: output/img_67_canny.png  (256x256x1)
  saved: output/img_68_canny.png  (256x256x1)
  saved: output/img_69_canny.png  (256x256x1)
  saved: output/img_7_canny.png  (256x256x1)
  saved: output/img_70_canny.png  (256x256x1)
  saved: output/img_71_canny.png  (256x256x1)
  saved: output/img_72_canny.png  (256x256x1)
  saved: output/img_73_canny.png  (256x256x1)
  saved: output/img_74_canny.png  (256x256x1)
  saved: output/img_75_canny.png  (256x256x1)
  saved: output/img_76_canny.png  (256x256x1)
  saved: output/img_77_canny.png  (256x256x1)
  saved: output/img_78_canny.png  (256x256x1)
  saved: output/img_79_canny.png  (256x256x1)
  saved: output/img_8_canny.png  (256x256x1)
  saved: output/img_80_canny.png  (256x256x1)
  saved: output/img_81_canny.png  (256x256x1)
  saved: output/img_82_canny.png  (256x256x1)
  saved: output/img_83_canny.png  (256x256x1)
  saved: output/img_84_canny.png  (256x256x1)
  saved: output/img_85_canny.png  (256x256x1)
  saved: output/img_86_canny.png  (256x256x1)
  saved: output/img_87_canny.png  (256x256x1)
  saved: output/img_88_canny.png  (256x256x1)
  saved: output/img_89_canny.png  (256x256x1)
  saved: output/img_9_canny.png  (256x256x1)
  saved: output/img_90_canny.png  (256x256x1)
  saved: output/img_91_canny.png  (256x256x1)
  saved: output/img_92_canny.png  (256x256x1)
  saved: output/img_93_canny.png  (256x256x1)
  saved: output/img_94_canny.png  (256x256x1)
  saved: output/img_95_canny.png  (256x256x1)
  saved: output/img_96_canny.png  (256x256x1)
  saved: output/img_97_canny.png  (256x256x1)
  saved: output/img_98_canny.png  (256x256x1)
  saved: output/img_99_canny.png  (256x256x1)
[capstone] Running filter 'motionblur' on 120 image(s)...
  images_processed : 120
  total_wall_ms    : 4.25
  avg_per_image_ms : 0.04
  total_input_MB   : 22.50
  saved: output/img_1_motionblur.png  (256x256x1)
  saved: output/img_10_motionblur.png  (256x256x1)
  saved: output/img_100_motionblur.png  (256x256x1)
  saved: output/img_101_motionblur.png  (256x256x1)
  saved: output/img_102_motionblur.png  (256x256x1)
  saved: output/img_103_motionblur.png  (256x256x1)
  saved: output/img_104_motionblur.png  (256x256x1)
  saved: output/img_105_motionblur.png  (256x256x1)
  saved: output/img_106_motionblur.png  (256x256x1)
  saved: output/img_107_motionblur.png  (256x256x1)
  saved: output/img_108_motionblur.png  (256x256x1)
  saved: output/img_109_motionblur.png  (256x256x1)
  saved: output/img_11_motionblur.png  (256x256x1)
  saved: output/img_110_motionblur.png  (256x256x1)
  saved: output/img_111_motionblur.png  (256x256x1)
  saved: output/img_112_motionblur.png  (256x256x1)
  saved: output/img_113_motionblur.png  (256x256x1)
  saved: output/img_114_motionblur.png  (256x256x1)
  saved: output/img_115_motionblur.png  (256x256x1)
  saved: output/img_116_motionblur.png  (256x256x1)
  saved: output/img_117_motionblur.png  (256x256x1)
  saved: output/img_118_motionblur.png  (256x256x1)
  saved: output/img_119_motionblur.png  (256x256x1)
  saved: output/img_12_motionblur.png  (256x256x1)
  saved: output/img_120_motionblur.png  (256x256x1)
  saved: output/img_13_motionblur.png  (256x256x1)
  saved: output/img_14_motionblur.png  (256x256x1)
  saved: output/img_15_motionblur.png  (256x256x1)
  saved: output/img_16_motionblur.png  (256x256x1)
  saved: output/img_17_motionblur.png  (256x256x1)
  saved: output/img_18_motionblur.png  (256x256x1)
  saved: output/img_19_motionblur.png  (256x256x1)
  saved: output/img_2_motionblur.png  (256x256x1)
  saved: output/img_20_motionblur.png  (256x256x1)
  saved: output/img_21_motionblur.png  (256x256x1)
  saved: output/img_22_motionblur.png  (256x256x1)
  saved: output/img_23_motionblur.png  (256x256x1)
  saved: output/img_24_motionblur.png  (256x256x1)
  saved: output/img_25_motionblur.png  (256x256x1)
  saved: output/img_26_motionblur.png  (256x256x1)
  saved: output/img_27_motionblur.png  (256x256x1)
  saved: output/img_28_motionblur.png  (256x256x1)
  saved: output/img_29_motionblur.png  (256x256x1)
  saved: output/img_3_motionblur.png  (256x256x1)
  saved: output/img_30_motionblur.png  (256x256x1)
  saved: output/img_31_motionblur.png  (256x256x1)
  saved: output/img_32_motionblur.png  (256x256x1)
  saved: output/img_33_motionblur.png  (256x256x1)
  saved: output/img_34_motionblur.png  (256x256x1)
  saved: output/img_35_motionblur.png  (256x256x1)
  saved: output/img_36_motionblur.png  (256x256x1)
  saved: output/img_37_motionblur.png  (256x256x1)
  saved: output/img_38_motionblur.png  (256x256x1)
  saved: output/img_39_motionblur.png  (256x256x1)
  saved: output/img_4_motionblur.png  (256x256x1)
  saved: output/img_40_motionblur.png  (256x256x1)
  saved: output/img_41_motionblur.png  (256x256x1)
  saved: output/img_42_motionblur.png  (256x256x1)
  saved: output/img_43_motionblur.png  (256x256x1)
  saved: output/img_44_motionblur.png  (256x256x1)
  saved: output/img_45_motionblur.png  (256x256x1)
  saved: output/img_46_motionblur.png  (256x256x1)
  saved: output/img_47_motionblur.png  (256x256x1)
  saved: output/img_48_motionblur.png  (256x256x1)
  saved: output/img_49_motionblur.png  (256x256x1)
  saved: output/img_5_motionblur.png  (256x256x1)
  saved: output/img_50_motionblur.png  (256x256x1)
  saved: output/img_51_motionblur.png  (256x256x1)
  saved: output/img_52_motionblur.png  (256x256x1)
  saved: output/img_53_motionblur.png  (256x256x1)
  saved: output/img_54_motionblur.png  (256x256x1)
  saved: output/img_55_motionblur.png  (256x256x1)
  saved: output/img_56_motionblur.png  (256x256x1)
  saved: output/img_57_motionblur.png  (256x256x1)
  saved: output/img_58_motionblur.png  (256x256x1)
  saved: output/img_59_motionblur.png  (256x256x1)
  saved: output/img_6_motionblur.png  (256x256x1)
  saved: output/img_60_motionblur.png  (256x256x1)
  saved: output/img_61_motionblur.png  (256x256x1)
  saved: output/img_62_motionblur.png  (256x256x1)
  saved: output/img_63_motionblur.png  (256x256x1)
  saved: output/img_64_motionblur.png  (256x256x1)
  saved: output/img_65_motionblur.png  (256x256x1)
  saved: output/img_66_motionblur.png  (256x256x1)
  saved: output/img_67_motionblur.png  (256x256x1)
  saved: output/img_68_motionblur.png  (256x256x1)
  saved: output/img_69_motionblur.png  (256x256x1)
  saved: output/img_7_motionblur.png  (256x256x1)
  saved: output/img_70_motionblur.png  (256x256x1)
  saved: output/img_71_motionblur.png  (256x256x1)
  saved: output/img_72_motionblur.png  (256x256x1)
  saved: output/img_73_motionblur.png  (256x256x1)
  saved: output/img_74_motionblur.png  (256x256x1)
  saved: output/img_75_motionblur.png  (256x256x1)
  saved: output/img_76_motionblur.png  (256x256x1)
  saved: output/img_77_motionblur.png  (256x256x1)
  saved: output/img_78_motionblur.png  (256x256x1)
  saved: output/img_79_motionblur.png  (256x256x1)
  saved: output/img_8_motionblur.png  (256x256x1)
  saved: output/img_80_motionblur.png  (256x256x1)
  saved: output/img_81_motionblur.png  (256x256x1)
  saved: output/img_82_motionblur.png  (256x256x1)
  saved: output/img_83_motionblur.png  (256x256x1)
  saved: output/img_84_motionblur.png  (256x256x1)
  saved: output/img_85_motionblur.png  (256x256x1)
  saved: output/img_86_motionblur.png  (256x256x1)
  saved: output/img_87_motionblur.png  (256x256x1)
  saved: output/img_88_motionblur.png  (256x256x1)
  saved: output/img_89_motionblur.png  (256x256x1)
  saved: output/img_9_motionblur.png  (256x256x1)
  saved: output/img_90_motionblur.png  (256x256x1)
  saved: output/img_91_motionblur.png  (256x256x1)
  saved: output/img_92_motionblur.png  (256x256x1)
  saved: output/img_93_motionblur.png  (256x256x1)
  saved: output/img_94_motionblur.png  (256x256x1)
  saved: output/img_95_motionblur.png  (256x256x1)
  saved: output/img_96_motionblur.png  (256x256x1)
  saved: output/img_97_motionblur.png  (256x256x1)
  saved: output/img_98_motionblur.png  (256x256x1)
  saved: output/img_99_motionblur.png  (256x256x1)
[capstone] Running filter 'autolevels' on 120 image(s)...
  images_processed : 120
  total_wall_ms    : 8.06
  avg_per_image_ms : 0.07
  total_input_MB   : 22.50
  saved: output/img_1_autolevels.png  (256x256x1)
  saved: output/img_10_autolevels.png  (256x256x1)
  saved: output/img_100_autolevels.png  (256x256x1)
  saved: output/img_101_autolevels.png  (256x256x1)
  saved: output/img_102_autolevels.png  (256x256x1)
  saved: output/img_103_autolevels.png  (256x256x1)
  saved: output/img_104_autolevels.png  (256x256x1)
  saved: output/img_105_autolevels.png  (256x256x1)
  saved: output/img_106_autolevels.png  (256x256x1)
  saved: output/img_107_autolevels.png  (256x256x1)
  saved: output/img_108_autolevels.png  (256x256x1)
  saved: output/img_109_autolevels.png  (256x256x1)
  saved: output/img_11_autolevels.png  (256x256x1)
  saved: output/img_110_autolevels.png  (256x256x1)
  saved: output/img_111_autolevels.png  (256x256x1)
  saved: output/img_112_autolevels.png  (256x256x1)
  saved: output/img_113_autolevels.png  (256x256x1)
  saved: output/img_114_autolevels.png  (256x256x1)
  saved: output/img_115_autolevels.png  (256x256x1)
  saved: output/img_116_autolevels.png  (256x256x1)
  saved: output/img_117_autolevels.png  (256x256x1)
  saved: output/img_118_autolevels.png  (256x256x1)
  saved: output/img_119_autolevels.png  (256x256x1)
  saved: output/img_12_autolevels.png  (256x256x1)
  saved: output/img_120_autolevels.png  (256x256x1)
  saved: output/img_13_autolevels.png  (256x256x1)
  saved: output/img_14_autolevels.png  (256x256x1)
  saved: output/img_15_autolevels.png  (256x256x1)
  saved: output/img_16_autolevels.png  (256x256x1)
  saved: output/img_17_autolevels.png  (256x256x1)
  saved: output/img_18_autolevels.png  (256x256x1)
  saved: output/img_19_autolevels.png  (256x256x1)
  saved: output/img_2_autolevels.png  (256x256x1)
  saved: output/img_20_autolevels.png  (256x256x1)
  saved: output/img_21_autolevels.png  (256x256x1)
  saved: output/img_22_autolevels.png  (256x256x1)
  saved: output/img_23_autolevels.png  (256x256x1)
  saved: output/img_24_autolevels.png  (256x256x1)
  saved: output/img_25_autolevels.png  (256x256x1)
  saved: output/img_26_autolevels.png  (256x256x1)
  saved: output/img_27_autolevels.png  (256x256x1)
  saved: output/img_28_autolevels.png  (256x256x1)
  saved: output/img_29_autolevels.png  (256x256x1)
  saved: output/img_3_autolevels.png  (256x256x1)
  saved: output/img_30_autolevels.png  (256x256x1)
  saved: output/img_31_autolevels.png  (256x256x1)
  saved: output/img_32_autolevels.png  (256x256x1)
  saved: output/img_33_autolevels.png  (256x256x1)
  saved: output/img_34_autolevels.png  (256x256x1)
  saved: output/img_35_autolevels.png  (256x256x1)
  saved: output/img_36_autolevels.png  (256x256x1)
  saved: output/img_37_autolevels.png  (256x256x1)
  saved: output/img_38_autolevels.png  (256x256x1)
  saved: output/img_39_autolevels.png  (256x256x1)
  saved: output/img_4_autolevels.png  (256x256x1)
  saved: output/img_40_autolevels.png  (256x256x1)
  saved: output/img_41_autolevels.png  (256x256x1)
  saved: output/img_42_autolevels.png  (256x256x1)
  saved: output/img_43_autolevels.png  (256x256x1)
  saved: output/img_44_autolevels.png  (256x256x1)
  saved: output/img_45_autolevels.png  (256x256x1)
  saved: output/img_46_autolevels.png  (256x256x1)
  saved: output/img_47_autolevels.png  (256x256x1)
  saved: output/img_48_autolevels.png  (256x256x1)
  saved: output/img_49_autolevels.png  (256x256x1)
  saved: output/img_5_autolevels.png  (256x256x1)
  saved: output/img_50_autolevels.png  (256x256x1)
  saved: output/img_51_autolevels.png  (256x256x1)
  saved: output/img_52_autolevels.png  (256x256x1)
  saved: output/img_53_autolevels.png  (256x256x1)
  saved: output/img_54_autolevels.png  (256x256x1)
  saved: output/img_55_autolevels.png  (256x256x1)
  saved: output/img_56_autolevels.png  (256x256x1)
  saved: output/img_57_autolevels.png  (256x256x1)
  saved: output/img_58_autolevels.png  (256x256x1)
  saved: output/img_59_autolevels.png  (256x256x1)
  saved: output/img_6_autolevels.png  (256x256x1)
  saved: output/img_60_autolevels.png  (256x256x1)
  saved: output/img_61_autolevels.png  (256x256x1)
  saved: output/img_62_autolevels.png  (256x256x1)
  saved: output/img_63_autolevels.png  (256x256x1)
  saved: output/img_64_autolevels.png  (256x256x1)
  saved: output/img_65_autolevels.png  (256x256x1)
  saved: output/img_66_autolevels.png  (256x256x1)
  saved: output/img_67_autolevels.png  (256x256x1)
  saved: output/img_68_autolevels.png  (256x256x1)
  saved: output/img_69_autolevels.png  (256x256x1)
  saved: output/img_7_autolevels.png  (256x256x1)
  saved: output/img_70_autolevels.png  (256x256x1)
  saved: output/img_71_autolevels.png  (256x256x1)
  saved: output/img_72_autolevels.png  (256x256x1)
  saved: output/img_73_autolevels.png  (256x256x1)
  saved: output/img_74_autolevels.png  (256x256x1)
  saved: output/img_75_autolevels.png  (256x256x1)
  saved: output/img_76_autolevels.png  (256x256x1)
  saved: output/img_77_autolevels.png  (256x256x1)
  saved: output/img_78_autolevels.png  (256x256x1)
  saved: output/img_79_autolevels.png  (256x256x1)
  saved: output/img_8_autolevels.png  (256x256x1)
  saved: output/img_80_autolevels.png  (256x256x1)
  saved: output/img_81_autolevels.png  (256x256x1)
  saved: output/img_82_autolevels.png  (256x256x1)
  saved: output/img_83_autolevels.png  (256x256x1)
  saved: output/img_84_autolevels.png  (256x256x1)
  saved: output/img_85_autolevels.png  (256x256x1)
  saved: output/img_86_autolevels.png  (256x256x1)
  saved: output/img_87_autolevels.png  (256x256x1)
  saved: output/img_88_autolevels.png  (256x256x1)
  saved: output/img_89_autolevels.png  (256x256x1)
  saved: output/img_9_autolevels.png  (256x256x1)
  saved: output/img_90_autolevels.png  (256x256x1)
  saved: output/img_91_autolevels.png  (256x256x1)
  saved: output/img_92_autolevels.png  (256x256x1)
  saved: output/img_93_autolevels.png  (256x256x1)
  saved: output/img_94_autolevels.png  (256x256x1)
  saved: output/img_95_autolevels.png  (256x256x1)
  saved: output/img_96_autolevels.png  (256x256x1)
  saved: output/img_97_autolevels.png  (256x256x1)
  saved: output/img_98_autolevels.png  (256x256x1)
  saved: output/img_99_autolevels.png  (256x256x1)
[capstone] Running filter 'emboss' on 120 image(s)...
  images_processed : 120
  total_wall_ms    : 4.23
  avg_per_image_ms : 0.04
  total_input_MB   : 22.50
  saved: output/img_1_emboss.png  (256x256x1)
  saved: output/img_10_emboss.png  (256x256x1)
  saved: output/img_100_emboss.png  (256x256x1)
  saved: output/img_101_emboss.png  (256x256x1)
  saved: output/img_102_emboss.png  (256x256x1)
  saved: output/img_103_emboss.png  (256x256x1)
  saved: output/img_104_emboss.png  (256x256x1)
  saved: output/img_105_emboss.png  (256x256x1)
  saved: output/img_106_emboss.png  (256x256x1)
  saved: output/img_107_emboss.png  (256x256x1)
  saved: output/img_108_emboss.png  (256x256x1)
  saved: output/img_109_emboss.png  (256x256x1)
  saved: output/img_11_emboss.png  (256x256x1)
  saved: output/img_110_emboss.png  (256x256x1)
  saved: output/img_111_emboss.png  (256x256x1)
  saved: output/img_112_emboss.png  (256x256x1)
  saved: output/img_113_emboss.png  (256x256x1)
  saved: output/img_114_emboss.png  (256x256x1)
  saved: output/img_115_emboss.png  (256x256x1)
  saved: output/img_116_emboss.png  (256x256x1)
  saved: output/img_117_emboss.png  (256x256x1)
  saved: output/img_118_emboss.png  (256x256x1)
  saved: output/img_119_emboss.png  (256x256x1)
  saved: output/img_12_emboss.png  (256x256x1)
  saved: output/img_120_emboss.png  (256x256x1)
  saved: output/img_13_emboss.png  (256x256x1)
  saved: output/img_14_emboss.png  (256x256x1)
  saved: output/img_15_emboss.png  (256x256x1)
  saved: output/img_16_emboss.png  (256x256x1)
  saved: output/img_17_emboss.png  (256x256x1)
  saved: output/img_18_emboss.png  (256x256x1)
  saved: output/img_19_emboss.png  (256x256x1)
  saved: output/img_2_emboss.png  (256x256x1)
  saved: output/img_20_emboss.png  (256x256x1)
  saved: output/img_21_emboss.png  (256x256x1)
  saved: output/img_22_emboss.png  (256x256x1)
  saved: output/img_23_emboss.png  (256x256x1)
  saved: output/img_24_emboss.png  (256x256x1)
  saved: output/img_25_emboss.png  (256x256x1)
  saved: output/img_26_emboss.png  (256x256x1)
  saved: output/img_27_emboss.png  (256x256x1)
  saved: output/img_28_emboss.png  (256x256x1)
  saved: output/img_29_emboss.png  (256x256x1)
  saved: output/img_3_emboss.png  (256x256x1)
  saved: output/img_30_emboss.png  (256x256x1)
  saved: output/img_31_emboss.png  (256x256x1)
  saved: output/img_32_emboss.png  (256x256x1)
  saved: output/img_33_emboss.png  (256x256x1)
  saved: output/img_34_emboss.png  (256x256x1)
  saved: output/img_35_emboss.png  (256x256x1)
  saved: output/img_36_emboss.png  (256x256x1)
  saved: output/img_37_emboss.png  (256x256x1)
  saved: output/img_38_emboss.png  (256x256x1)
  saved: output/img_39_emboss.png  (256x256x1)
  saved: output/img_4_emboss.png  (256x256x1)
  saved: output/img_40_emboss.png  (256x256x1)
  saved: output/img_41_emboss.png  (256x256x1)
  saved: output/img_42_emboss.png  (256x256x1)
  saved: output/img_43_emboss.png  (256x256x1)
  saved: output/img_44_emboss.png  (256x256x1)
  saved: output/img_45_emboss.png  (256x256x1)
  saved: output/img_46_emboss.png  (256x256x1)
  saved: output/img_47_emboss.png  (256x256x1)
  saved: output/img_48_emboss.png  (256x256x1)
  saved: output/img_49_emboss.png  (256x256x1)
  saved: output/img_5_emboss.png  (256x256x1)
  saved: output/img_50_emboss.png  (256x256x1)
  saved: output/img_51_emboss.png  (256x256x1)
  saved: output/img_52_emboss.png  (256x256x1)
  saved: output/img_53_emboss.png  (256x256x1)
  saved: output/img_54_emboss.png  (256x256x1)
  saved: output/img_55_emboss.png  (256x256x1)
  saved: output/img_56_emboss.png  (256x256x1)
  saved: output/img_57_emboss.png  (256x256x1)
  saved: output/img_58_emboss.png  (256x256x1)
  saved: output/img_59_emboss.png  (256x256x1)
  saved: output/img_6_emboss.png  (256x256x1)
  saved: output/img_60_emboss.png  (256x256x1)
  saved: output/img_61_emboss.png  (256x256x1)
  saved: output/img_62_emboss.png  (256x256x1)
  saved: output/img_63_emboss.png  (256x256x1)
  saved: output/img_64_emboss.png  (256x256x1)
  saved: output/img_65_emboss.png  (256x256x1)
  saved: output/img_66_emboss.png  (256x256x1)
  saved: output/img_67_emboss.png  (256x256x1)
  saved: output/img_68_emboss.png  (256x256x1)
  saved: output/img_69_emboss.png  (256x256x1)
  saved: output/img_7_emboss.png  (256x256x1)
  saved: output/img_70_emboss.png  (256x256x1)
  saved: output/img_71_emboss.png  (256x256x1)
  saved: output/img_72_emboss.png  (256x256x1)
  saved: output/img_73_emboss.png  (256x256x1)
  saved: output/img_74_emboss.png  (256x256x1)
  saved: output/img_75_emboss.png  (256x256x1)
  saved: output/img_76_emboss.png  (256x256x1)
  saved: output/img_77_emboss.png  (256x256x1)
  saved: output/img_78_emboss.png  (256x256x1)
  saved: output/img_79_emboss.png  (256x256x1)
  saved: output/img_8_emboss.png  (256x256x1)
  saved: output/img_80_emboss.png  (256x256x1)
  saved: output/img_81_emboss.png  (256x256x1)
  saved: output/img_82_emboss.png  (256x256x1)
  saved: output/img_83_emboss.png  (256x256x1)
  saved: output/img_84_emboss.png  (256x256x1)
  saved: output/img_85_emboss.png  (256x256x1)
  saved: output/img_86_emboss.png  (256x256x1)
  saved: output/img_87_emboss.png  (256x256x1)
  saved: output/img_88_emboss.png  (256x256x1)
  saved: output/img_89_emboss.png  (256x256x1)
  saved: output/img_9_emboss.png  (256x256x1)
  saved: output/img_90_emboss.png  (256x256x1)
  saved: output/img_91_emboss.png  (256x256x1)
  saved: output/img_92_emboss.png  (256x256x1)
  saved: output/img_93_emboss.png  (256x256x1)
  saved: output/img_94_emboss.png  (256x256x1)
  saved: output/img_95_emboss.png  (256x256x1)
  saved: output/img_96_emboss.png  (256x256x1)
  saved: output/img_97_emboss.png  (256x256x1)
  saved: output/img_98_emboss.png  (256x256x1)
  saved: output/img_99_emboss.png  (256x256x1)
[capstone] Running filter 'vignette' on 120 image(s)...
  images_processed : 120
  total_wall_ms    : 11.30
  avg_per_image_ms : 0.09
  total_input_MB   : 22.50
  saved: output/img_1_vignette.png  (256x256x3)
  saved: output/img_10_vignette.png  (256x256x3)
  saved: output/img_100_vignette.png  (256x256x3)
  saved: output/img_101_vignette.png  (256x256x3)
  saved: output/img_102_vignette.png  (256x256x3)
  saved: output/img_103_vignette.png  (256x256x3)
  saved: output/img_104_vignette.png  (256x256x3)
  saved: output/img_105_vignette.png  (256x256x3)
  saved: output/img_106_vignette.png  (256x256x3)
  saved: output/img_107_vignette.png  (256x256x3)
  saved: output/img_108_vignette.png  (256x256x3)
  saved: output/img_109_vignette.png  (256x256x3)
  saved: output/img_11_vignette.png  (256x256x3)
  saved: output/img_110_vignette.png  (256x256x3)
  saved: output/img_111_vignette.png  (256x256x3)
  saved: output/img_112_vignette.png  (256x256x3)
  saved: output/img_113_vignette.png  (256x256x3)
  saved: output/img_114_vignette.png  (256x256x3)
  saved: output/img_115_vignette.png  (256x256x3)
  saved: output/img_116_vignette.png  (256x256x3)
  saved: output/img_117_vignette.png  (256x256x3)
  saved: output/img_118_vignette.png  (256x256x3)
  saved: output/img_119_vignette.png  (256x256x3)
  saved: output/img_12_vignette.png  (256x256x3)
  saved: output/img_120_vignette.png  (256x256x3)
  saved: output/img_13_vignette.png  (256x256x3)
  saved: output/img_14_vignette.png  (256x256x3)
  saved: output/img_15_vignette.png  (256x256x3)
  saved: output/img_16_vignette.png  (256x256x3)
  saved: output/img_17_vignette.png  (256x256x3)
  saved: output/img_18_vignette.png  (256x256x3)
  saved: output/img_19_vignette.png  (256x256x3)
  saved: output/img_2_vignette.png  (256x256x3)
  saved: output/img_20_vignette.png  (256x256x3)
  saved: output/img_21_vignette.png  (256x256x3)
  saved: output/img_22_vignette.png  (256x256x3)
  saved: output/img_23_vignette.png  (256x256x3)
  saved: output/img_24_vignette.png  (256x256x3)
  saved: output/img_25_vignette.png  (256x256x3)
  saved: output/img_26_vignette.png  (256x256x3)
  saved: output/img_27_vignette.png  (256x256x3)
  saved: output/img_28_vignette.png  (256x256x3)
  saved: output/img_29_vignette.png  (256x256x3)
  saved: output/img_3_vignette.png  (256x256x3)
  saved: output/img_30_vignette.png  (256x256x3)
  saved: output/img_31_vignette.png  (256x256x3)
  saved: output/img_32_vignette.png  (256x256x3)
  saved: output/img_33_vignette.png  (256x256x3)
  saved: output/img_34_vignette.png  (256x256x3)
  saved: output/img_35_vignette.png  (256x256x3)
  saved: output/img_36_vignette.png  (256x256x3)
  saved: output/img_37_vignette.png  (256x256x3)
  saved: output/img_38_vignette.png  (256x256x3)
  saved: output/img_39_vignette.png  (256x256x3)
  saved: output/img_4_vignette.png  (256x256x3)
  saved: output/img_40_vignette.png  (256x256x3)
  saved: output/img_41_vignette.png  (256x256x3)
  saved: output/img_42_vignette.png  (256x256x3)
  saved: output/img_43_vignette.png  (256x256x3)
  saved: output/img_44_vignette.png  (256x256x3)
  saved: output/img_45_vignette.png  (256x256x3)
  saved: output/img_46_vignette.png  (256x256x3)
  saved: output/img_47_vignette.png  (256x256x3)
  saved: output/img_48_vignette.png  (256x256x3)
  saved: output/img_49_vignette.png  (256x256x3)
  saved: output/img_5_vignette.png  (256x256x3)
  saved: output/img_50_vignette.png  (256x256x3)
  saved: output/img_51_vignette.png  (256x256x3)
  saved: output/img_52_vignette.png  (256x256x3)
  saved: output/img_53_vignette.png  (256x256x3)
  saved: output/img_54_vignette.png  (256x256x3)
  saved: output/img_55_vignette.png  (256x256x3)
  saved: output/img_56_vignette.png  (256x256x3)
  saved: output/img_57_vignette.png  (256x256x3)
  saved: output/img_58_vignette.png  (256x256x3)
  saved: output/img_59_vignette.png  (256x256x3)
  saved: output/img_6_vignette.png  (256x256x3)
  saved: output/img_60_vignette.png  (256x256x3)
  saved: output/img_61_vignette.png  (256x256x3)
  saved: output/img_62_vignette.png  (256x256x3)
  saved: output/img_63_vignette.png  (256x256x3)
  saved: output/img_64_vignette.png  (256x256x3)
  saved: output/img_65_vignette.png  (256x256x3)
  saved: output/img_66_vignette.png  (256x256x3)
  saved: output/img_67_vignette.png  (256x256x3)
  saved: output/img_68_vignette.png  (256x256x3)
  saved: output/img_69_vignette.png  (256x256x3)
  saved: output/img_7_vignette.png  (256x256x3)
  saved: output/img_70_vignette.png  (256x256x3)
  saved: output/img_71_vignette.png  (256x256x3)
  saved: output/img_72_vignette.png  (256x256x3)
  saved: output/img_73_vignette.png  (256x256x3)
  saved: output/img_74_vignette.png  (256x256x3)
  saved: output/img_75_vignette.png  (256x256x3)
  saved: output/img_76_vignette.png  (256x256x3)
  saved: output/img_77_vignette.png  (256x256x3)
  saved: output/img_78_vignette.png  (256x256x3)
  saved: output/img_79_vignette.png  (256x256x3)
  saved: output/img_8_vignette.png  (256x256x3)
  saved: output/img_80_vignette.png  (256x256x3)
  saved: output/img_81_vignette.png  (256x256x3)
  saved: output/img_82_vignette.png  (256x256x3)
  saved: output/img_83_vignette.png  (256x256x3)
  saved: output/img_84_vignette.png  (256x256x3)
  saved: output/img_85_vignette.png  (256x256x3)
  saved: output/img_86_vignette.png  (256x256x3)
  saved: output/img_87_vignette.png  (256x256x3)
  saved: output/img_88_vignette.png  (256x256x3)
  saved: output/img_89_vignette.png  (256x256x3)
  saved: output/img_9_vignette.png  (256x256x3)
  saved: output/img_90_vignette.png  (256x256x3)
  saved: output/img_91_vignette.png  (256x256x3)
  saved: output/img_92_vignette.png  (256x256x3)
  saved: output/img_93_vignette.png  (256x256x3)
  saved: output/img_94_vignette.png  (256x256x3)
  saved: output/img_95_vignette.png  (256x256x3)
  saved: output/img_96_vignette.png  (256x256x3)
  saved: output/img_97_vignette.png  (256x256x3)
  saved: output/img_98_vignette.png  (256x256x3)
  saved: output/img_99_vignette.png  (256x256x3)
[capstone] Running filter 'bilateral' on 120 image(s)...
  images_processed : 120
  total_wall_ms    : 4.36
  avg_per_image_ms : 0.04
  total_input_MB   : 22.50
  saved: output/img_1_bilateral.png  (256x256x1)
  saved: output/img_10_bilateral.png  (256x256x1)
  saved: output/img_100_bilateral.png  (256x256x1)
  saved: output/img_101_bilateral.png  (256x256x1)
  saved: output/img_102_bilateral.png  (256x256x1)
  saved: output/img_103_bilateral.png  (256x256x1)
  saved: output/img_104_bilateral.png  (256x256x1)
  saved: output/img_105_bilateral.png  (256x256x1)
  saved: output/img_106_bilateral.png  (256x256x1)
  saved: output/img_107_bilateral.png  (256x256x1)
  saved: output/img_108_bilateral.png  (256x256x1)
  saved: output/img_109_bilateral.png  (256x256x1)
  saved: output/img_11_bilateral.png  (256x256x1)
  saved: output/img_110_bilateral.png  (256x256x1)
  saved: output/img_111_bilateral.png  (256x256x1)
  saved: output/img_112_bilateral.png  (256x256x1)
  saved: output/img_113_bilateral.png  (256x256x1)
  saved: output/img_114_bilateral.png  (256x256x1)
  saved: output/img_115_bilateral.png  (256x256x1)
  saved: output/img_116_bilateral.png  (256x256x1)
  saved: output/img_117_bilateral.png  (256x256x1)
  saved: output/img_118_bilateral.png  (256x256x1)
  saved: output/img_119_bilateral.png  (256x256x1)
  saved: output/img_12_bilateral.png  (256x256x1)
  saved: output/img_120_bilateral.png  (256x256x1)
  saved: output/img_13_bilateral.png  (256x256x1)
  saved: output/img_14_bilateral.png  (256x256x1)
  saved: output/img_15_bilateral.png  (256x256x1)
  saved: output/img_16_bilateral.png  (256x256x1)
  saved: output/img_17_bilateral.png  (256x256x1)
  saved: output/img_18_bilateral.png  (256x256x1)
  saved: output/img_19_bilateral.png  (256x256x1)
  saved: output/img_2_bilateral.png  (256x256x1)
  saved: output/img_20_bilateral.png  (256x256x1)
  saved: output/img_21_bilateral.png  (256x256x1)
  saved: output/img_22_bilateral.png  (256x256x1)
  saved: output/img_23_bilateral.png  (256x256x1)
  saved: output/img_24_bilateral.png  (256x256x1)
  saved: output/img_25_bilateral.png  (256x256x1)
  saved: output/img_26_bilateral.png  (256x256x1)
  saved: output/img_27_bilateral.png  (256x256x1)
  saved: output/img_28_bilateral.png  (256x256x1)
  saved: output/img_29_bilateral.png  (256x256x1)
  saved: output/img_3_bilateral.png  (256x256x1)
  saved: output/img_30_bilateral.png  (256x256x1)
  saved: output/img_31_bilateral.png  (256x256x1)
  saved: output/img_32_bilateral.png  (256x256x1)
  saved: output/img_33_bilateral.png  (256x256x1)
  saved: output/img_34_bilateral.png  (256x256x1)
  saved: output/img_35_bilateral.png  (256x256x1)
  saved: output/img_36_bilateral.png  (256x256x1)
  saved: output/img_37_bilateral.png  (256x256x1)
  saved: output/img_38_bilateral.png  (256x256x1)
  saved: output/img_39_bilateral.png  (256x256x1)
  saved: output/img_4_bilateral.png  (256x256x1)
  saved: output/img_40_bilateral.png  (256x256x1)
  saved: output/img_41_bilateral.png  (256x256x1)
  saved: output/img_42_bilateral.png  (256x256x1)
  saved: output/img_43_bilateral.png  (256x256x1)
  saved: output/img_44_bilateral.png  (256x256x1)
  saved: output/img_45_bilateral.png  (256x256x1)
  saved: output/img_46_bilateral.png  (256x256x1)
  saved: output/img_47_bilateral.png  (256x256x1)
  saved: output/img_48_bilateral.png  (256x256x1)
  saved: output/img_49_bilateral.png  (256x256x1)
  saved: output/img_5_bilateral.png  (256x256x1)
  saved: output/img_50_bilateral.png  (256x256x1)
  saved: output/img_51_bilateral.png  (256x256x1)
  saved: output/img_52_bilateral.png  (256x256x1)
  saved: output/img_53_bilateral.png  (256x256x1)
  saved: output/img_54_bilateral.png  (256x256x1)
  saved: output/img_55_bilateral.png  (256x256x1)
  saved: output/img_56_bilateral.png  (256x256x1)
  saved: output/img_57_bilateral.png  (256x256x1)
  saved: output/img_58_bilateral.png  (256x256x1)
  saved: output/img_59_bilateral.png  (256x256x1)
  saved: output/img_6_bilateral.png  (256x256x1)
  saved: output/img_60_bilateral.png  (256x256x1)
  saved: output/img_61_bilateral.png  (256x256x1)
  saved: output/img_62_bilateral.png  (256x256x1)
  saved: output/img_63_bilateral.png  (256x256x1)
  saved: output/img_64_bilateral.png  (256x256x1)
  saved: output/img_65_bilateral.png  (256x256x1)
  saved: output/img_66_bilateral.png  (256x256x1)
  saved: output/img_67_bilateral.png  (256x256x1)
  saved: output/img_68_bilateral.png  (256x256x1)
  saved: output/img_69_bilateral.png  (256x256x1)
  saved: output/img_7_bilateral.png  (256x256x1)
  saved: output/img_70_bilateral.png  (256x256x1)
  saved: output/img_71_bilateral.png  (256x256x1)
  saved: output/img_72_bilateral.png  (256x256x1)
  saved: output/img_73_bilateral.png  (256x256x1)
  saved: output/img_74_bilateral.png  (256x256x1)
  saved: output/img_75_bilateral.png  (256x256x1)
  saved: output/img_76_bilateral.png  (256x256x1)
  saved: output/img_77_bilateral.png  (256x256x1)
  saved: output/img_78_bilateral.png  (256x256x1)
  saved: output/img_79_bilateral.png  (256x256x1)
  saved: output/img_8_bilateral.png  (256x256x1)
  saved: output/img_80_bilateral.png  (256x256x1)
  saved: output/img_81_bilateral.png  (256x256x1)
  saved: output/img_82_bilateral.png  (256x256x1)
  saved: output/img_83_bilateral.png  (256x256x1)
  saved: output/img_84_bilateral.png  (256x256x1)
  saved: output/img_85_bilateral.png  (256x256x1)
  saved: output/img_86_bilateral.png  (256x256x1)
  saved: output/img_87_bilateral.png  (256x256x1)
  saved: output/img_88_bilateral.png  (256x256x1)
  saved: output/img_89_bilateral.png  (256x256x1)
  saved: output/img_9_bilateral.png  (256x256x1)
  saved: output/img_90_bilateral.png  (256x256x1)
  saved: output/img_91_bilateral.png  (256x256x1)
  saved: output/img_92_bilateral.png  (256x256x1)
  saved: output/img_93_bilateral.png  (256x256x1)
  saved: output/img_94_bilateral.png  (256x256x1)
  saved: output/img_95_bilateral.png  (256x256x1)
  saved: output/img_96_bilateral.png  (256x256x1)
  saved: output/img_97_bilateral.png  (256x256x1)
  saved: output/img_98_bilateral.png  (256x256x1)
  saved: output/img_99_bilateral.png  (256x256x1)
[capstone] Done.
